#
# There is insufficient memory for the Java Runtime Environment to continue.
# Native memory allocation (mmap) failed to map 564133888 bytes for committing reserved memory.
# Possible reasons:
#   The system is out of physical RAM or swap space
#   The process is running with CompressedOops enabled, and the Java Heap may be blocking the growth of the native heap
# Possible solutions:
#   Reduce memory load on the system
#   Increase physical memory or swap space
#   Check if swap backing store is full
#   Decrease Java heap size (-Xmx/-Xms)
#   Decrease number of Java threads
#   Decrease Java thread stack sizes (-Xss)
#   Set larger code cache with -XX:ReservedCodeCacheSize=
#   JVM is running with Unscaled Compressed Oops mode in which the Java heap is
#     placed in the first 4GB address space. The Java Heap base address is the
#     maximum limit for the native heap growth. Please use -XX:HeapBaseMinAddress
#     to set the Java Heap base and to place the Java Heap above 4GB virtual address.
# This output file may be truncated or incomplete.
#
#  Out of Memory Error (os_linux.cpp:2709), pid=23113, tid=23127
#
# JRE version: Java(TM) SE Runtime Environment (11.0.1+13) (build 11.0.1+13-LTS)
# Java VM: Java HotSpot(TM) 64-Bit Server VM (11.0.1+13-LTS, mixed mode, tiered, compressed oops, g1 gc, linux-amd64)
# Core dump will be written. Default location: Core dumps may be processed with "/usr/share/apport/apport %p %s %c %d %P" (or dumping to /home/andy/eclipse-workspace/CardEngine/core.23113)
#

---------------  S U M M A R Y ------------

Command Line: -ea -Dfile.encoding=UTF-8 org.eclipse.jdt.internal.junit.runner.RemoteTestRunner -version 3 -port 40887 -testLoaderClass org.eclipse.jdt.internal.junit5.runner.JUnit5TestLoader -loaderpluginname org.eclipse.jdt.junit5.runtime -test com.andybaba.games.card.BaseHandTest:testRandomizeOnTime -uniqueId [engine:junit-jupiter]/[class:com.andybaba.games.card.BaseHandTest]/[method:testRandomizeOnTime()]

Host: Intel(R) Core(TM) i7-3520M CPU @ 2.90GHz, 4 cores, 7G, Ubuntu 18.04.1 LTS
Time: Fri Dec 14 21:48:38 2018 +0330 elapsed time: 4 seconds (0d 0h 0m 4s)

---------------  T H R E A D  ---------------

Current thread (0x00007f2a1c142000):  VMThread "VM Thread" [stack: 0x00007f29f5700000,0x00007f29f5800000] [id=23127]

Stack: [0x00007f29f5700000,0x00007f29f5800000],  sp=0x00007f29f57fdfa0,  free space=1015k
Native frames: (J=compiled Java code, A=aot compiled Java code, j=interpreted, Vv=VM code, C=native code)
V  [libjvm.so+0xe591d7]  VMError::report_and_die(int, char const*, char const*, __va_list_tag*, Thread*, unsigned char*, void*, void*, char const*, int, unsigned long)+0x2c7
V  [libjvm.so+0xe59e3b]  VMError::report_and_die(Thread*, char const*, int, unsigned long, VMErrorType, char const*, __va_list_tag*)+0x2b
V  [libjvm.so+0x6caf85]  report_vm_out_of_memory(char const*, int, unsigned long, VMErrorType, char const*, ...)+0xd5
V  [libjvm.so+0xc34c88]  os::pd_commit_memory_or_exit(char*, unsigned long, unsigned long, bool, char const*)+0x108
V  [libjvm.so+0xc2c6bd]  os::commit_memory_or_exit(char*, unsigned long, unsigned long, bool, char const*)+0x1d
V  [libjvm.so+0x7dff6f]  G1PageBasedVirtualSpace::commit_preferred_pages(unsigned long, unsigned long)+0x5f
V  [libjvm.so+0x7e01de]  G1PageBasedVirtualSpace::commit(unsigned long, unsigned long)+0x5e
V  [libjvm.so+0x7ebfb0]  G1RegionsLargerThanCommitSizeMapper::commit_regions(unsigned int, unsigned long, WorkGang*)+0x40
V  [libjvm.so+0x867609]  HeapRegionManager::commit_regions(unsigned int, unsigned long, WorkGang*)+0x89
V  [libjvm.so+0x86825f]  HeapRegionManager::make_regions_available(unsigned int, unsigned int, WorkGang*)+0x3f
V  [libjvm.so+0x8686e9]  HeapRegionManager::expand_at(unsigned int, unsigned int, WorkGang*) [clone .part.44]+0x119
V  [libjvm.so+0x7a4d8f]  G1CollectedHeap::expand(unsigned long, WorkGang*, double*)+0xdf
V  [libjvm.so+0x7a9a8a]  G1CollectedHeap::do_collection_pause_at_safepoint(double)+0x9ea
V  [libjvm.so+0xe6ce51]  VM_G1CollectForAllocation::doit()+0x81
V  [libjvm.so+0xe6ba48]  VM_Operation::evaluate()+0xd8
V  [libjvm.so+0xe6927f]  VMThread::evaluate_operation(VM_Operation*) [clone .constprop.54]+0xff
V  [libjvm.so+0xe6978e]  VMThread::loop()+0x3be
V  [libjvm.so+0xe69bbb]  VMThread::run()+0x7b
V  [libjvm.so+0xc3a900]  thread_native_entry(Thread*)+0xf0

VM_Operation (0x00007f2a2455e2b0): G1CollectForAllocation, mode: safepoint, requested by thread 0x00007f2a1c012000


---------------  P R O C E S S  ---------------

Threads class SMR info:
_java_thread_list=0x00007f29b4053bf0, length=10, elements={
0x00007f2a1c012000, 0x00007f2a1c14a000, 0x00007f2a1c14e000, 0x00007f2a1c160800,
0x00007f2a1c162800, 0x00007f2a1c165000, 0x00007f2a1c167000, 0x00007f2a1c1cd000,
0x00007f2a1c1e1000, 0x00007f2a1c38d800
}

Java Threads: ( => current thread )
  0x00007f2a1c012000 JavaThread "main" [_thread_blocked, id=23121, stack(0x00007f2a24461000,0x00007f2a24562000)]
  0x00007f2a1c14a000 JavaThread "Reference Handler" daemon [_thread_blocked, id=23128, stack(0x00007f29f55fd000,0x00007f29f56fe000)]
  0x00007f2a1c14e000 JavaThread "Finalizer" daemon [_thread_blocked, id=23129, stack(0x00007f29f54fc000,0x00007f29f55fd000)]
  0x00007f2a1c160800 JavaThread "Signal Dispatcher" daemon [_thread_blocked, id=23130, stack(0x00007f29f4f99000,0x00007f29f509a000)]
  0x00007f2a1c162800 JavaThread "C2 CompilerThread0" daemon [_thread_blocked, id=23131, stack(0x00007f29f4e98000,0x00007f29f4f99000)]
  0x00007f2a1c165000 JavaThread "C1 CompilerThread0" daemon [_thread_blocked, id=23132, stack(0x00007f29f4d97000,0x00007f29f4e98000)]
  0x00007f2a1c167000 JavaThread "Sweeper thread" daemon [_thread_blocked, id=23133, stack(0x00007f29f4c96000,0x00007f29f4d97000)]
  0x00007f2a1c1cd000 JavaThread "Service Thread" daemon [_thread_blocked, id=23134, stack(0x00007f29f4b95000,0x00007f29f4c96000)]
  0x00007f2a1c1e1000 JavaThread "Common-Cleaner" daemon [_thread_blocked, id=23136, stack(0x00007f29f4992000,0x00007f29f4a93000)]
  0x00007f2a1c38d800 JavaThread "ReaderThread" [_thread_in_native, id=23138, stack(0x00007f29f4469000,0x00007f29f456a000)]

Other Threads:
=>0x00007f2a1c142000 VMThread "VM Thread" [stack: 0x00007f29f5700000,0x00007f29f5800000] [id=23127]
  0x00007f2a1c1d7800 WatcherThread [stack: 0x00007f29f4a95000,0x00007f29f4b95000] [id=23135]
  0x00007f2a1c03a000 GCTaskThread "GC Thread#0" [stack: 0x00007f2a20914000,0x00007f2a20a14000] [id=23122]
  0x00007f29e8001000 GCTaskThread "GC Thread#1" [stack: 0x00007f29bbbff000,0x00007f29bbcff000] [id=23140]
  0x00007f29e8002800 GCTaskThread "GC Thread#2" [stack: 0x00007f29bbafd000,0x00007f29bbbfd000] [id=23141]
  0x00007f29e8004000 GCTaskThread "GC Thread#3" [stack: 0x00007f29bb9fb000,0x00007f29bbafb000] [id=23142]
  0x00007f2a1c06a000 ConcurrentGCThread "G1 Main Marker" [stack: 0x00007f2a20050000,0x00007f2a20150000] [id=23123]
  0x00007f2a1c06b800 ConcurrentGCThread "G1 Conc#0" [stack: 0x00007f2a043c9000,0x00007f2a044c9000] [id=23124]
  0x00007f2a1c0e0800 ConcurrentGCThread "G1 Refine#0" [stack: 0x00007f29fc21f000,0x00007f29fc31f000] [id=23125]
  0x00007f29ec004000 ConcurrentGCThread "G1 Refine#1" [stack: 0x00007f29bb6f9000,0x00007f29bb7f9000] [id=23143]
  0x00007f29a8001000 ConcurrentGCThread "G1 Refine#2" [stack: 0x00007f29bb5f7000,0x00007f29bb6f7000] [id=23144]
  0x00007f29b4054000 ConcurrentGCThread "G1 Refine#3" [stack: 0x00007f29bb4f5000,0x00007f29bb5f5000] [id=23145]
  0x00007f2a1c0e2000 ConcurrentGCThread "G1 Young RemSet Sampling" [stack: 0x00007f29fc11d000,0x00007f29fc21d000] [id=23126]

Threads with active compile tasks:

VM state:at safepoint (normal execution)

VM Mutex/Monitor currently owned by a thread:  ([mutex/lock_event])
[0x00007f2a1c00e620] Threads_lock - owner thread: 0x00007f2a1c142000
[0x00007f2a1c00ed70] Heap_lock - owner thread: 0x00007f2a1c012000

Heap address: 0x0000000088400000, size: 1916 MB, Compressed Oops mode: 32-bit
Narrow klass base: 0x0000000000000000, Narrow klass shift: 3
Compressed class space size: 1073741824 Address: 0x0000000100000000

Heap:
 garbage-first heap   total 826368K, used 166400K [0x0000000088400000, 0x0000000100000000)
  region size 1024K, 7 young (7168K), 7 survivors (7168K)
 Metaspace       used 13654K, capacity 14095K, committed 14464K, reserved 1062912K
  class space    used 1389K, capacity 1553K, committed 1664K, reserved 1048576K
Heap Regions: E=young(eden), S=young(survivor), O=old, HS=humongous(starts), HC=humongous(continues), CS=collection set, F=free, A=archive, TAMS=top-at-mark-start (previous, next)
|   0|0x0000000088400000, 0x0000000088500000, 0x0000000088500000|100%| O|  |TAMS 0x0000000088500000, 0x0000000088500000| Untracked 
|   1|0x0000000088500000, 0x0000000088600000, 0x0000000088600000|100%|HS|  |TAMS 0x0000000088600000, 0x0000000088600000| Complete 
|   2|0x0000000088600000, 0x0000000088700000, 0x0000000088700000|100%|HC|  |TAMS 0x0000000088700000, 0x0000000088700000| Complete 
|   3|0x0000000088700000, 0x0000000088800000, 0x0000000088800000|100%|HC|  |TAMS 0x0000000088800000, 0x0000000088800000| Complete 
|   4|0x0000000088800000, 0x0000000088900000, 0x0000000088900000|100%|HC|  |TAMS 0x0000000088900000, 0x0000000088900000| Complete 
|   5|0x0000000088900000, 0x0000000088a00000, 0x0000000088a00000|100%|HC|  |TAMS 0x0000000088a00000, 0x0000000088a00000| Complete 
|   6|0x0000000088a00000, 0x0000000088b00000, 0x0000000088b00000|100%|HC|  |TAMS 0x0000000088b00000, 0x0000000088b00000| Complete 
|   7|0x0000000088b00000, 0x0000000088c00000, 0x0000000088c00000|100%|HC|  |TAMS 0x0000000088c00000, 0x0000000088c00000| Complete 
|   8|0x0000000088c00000, 0x0000000088d00000, 0x0000000088d00000|100%|HC|  |TAMS 0x0000000088d00000, 0x0000000088d00000| Complete 
|   9|0x0000000088d00000, 0x0000000088e00000, 0x0000000088e00000|100%|HC|  |TAMS 0x0000000088e00000, 0x0000000088e00000| Complete 
|  10|0x0000000088e00000, 0x0000000088f00000, 0x0000000088f00000|100%|HC|  |TAMS 0x0000000088f00000, 0x0000000088f00000| Complete 
|  11|0x0000000088f00000, 0x0000000089000000, 0x0000000089000000|100%|HC|  |TAMS 0x0000000089000000, 0x0000000089000000| Complete 
|  12|0x0000000089000000, 0x0000000089100000, 0x0000000089100000|100%|HC|  |TAMS 0x0000000089100000, 0x0000000089100000| Complete 
|  13|0x0000000089100000, 0x0000000089200000, 0x0000000089200000|100%|HC|  |TAMS 0x0000000089200000, 0x0000000089200000| Complete 
|  14|0x0000000089200000, 0x0000000089300000, 0x0000000089300000|100%|HC|  |TAMS 0x0000000089300000, 0x0000000089300000| Complete 
|  15|0x0000000089300000, 0x0000000089400000, 0x0000000089400000|100%|HC|  |TAMS 0x0000000089400000, 0x0000000089400000| Complete 
|  16|0x0000000089400000, 0x0000000089500000, 0x0000000089500000|100%|HC|  |TAMS 0x0000000089500000, 0x0000000089500000| Complete 
|  17|0x0000000089500000, 0x0000000089600000, 0x0000000089600000|100%|HC|  |TAMS 0x0000000089600000, 0x0000000089600000| Complete 
|  18|0x0000000089600000, 0x0000000089700000, 0x0000000089700000|100%|HC|  |TAMS 0x0000000089700000, 0x0000000089700000| Complete 
|  19|0x0000000089700000, 0x0000000089800000, 0x0000000089800000|100%|HC|  |TAMS 0x0000000089800000, 0x0000000089800000| Complete 
|  20|0x0000000089800000, 0x0000000089900000, 0x0000000089900000|100%|HC|  |TAMS 0x0000000089900000, 0x0000000089900000| Complete 
|  21|0x0000000089900000, 0x0000000089a00000, 0x0000000089a00000|100%|HC|  |TAMS 0x0000000089a00000, 0x0000000089a00000| Complete 
|  22|0x0000000089a00000, 0x0000000089b00000, 0x0000000089b00000|100%|HC|  |TAMS 0x0000000089b00000, 0x0000000089b00000| Complete 
|  23|0x0000000089b00000, 0x0000000089c00000, 0x0000000089c00000|100%|HC|  |TAMS 0x0000000089c00000, 0x0000000089c00000| Complete 
|  24|0x0000000089c00000, 0x0000000089d00000, 0x0000000089d00000|100%|HC|  |TAMS 0x0000000089d00000, 0x0000000089d00000| Complete 
|  25|0x0000000089d00000, 0x0000000089e00000, 0x0000000089e00000|100%|HC|  |TAMS 0x0000000089e00000, 0x0000000089e00000| Complete 
|  26|0x0000000089e00000, 0x0000000089f00000, 0x0000000089f00000|100%|HC|  |TAMS 0x0000000089f00000, 0x0000000089f00000| Complete 
|  27|0x0000000089f00000, 0x000000008a000000, 0x000000008a000000|100%|HC|  |TAMS 0x000000008a000000, 0x000000008a000000| Complete 
|  28|0x000000008a000000, 0x000000008a100000, 0x000000008a100000|100%|HC|  |TAMS 0x000000008a100000, 0x000000008a100000| Complete 
|  29|0x000000008a100000, 0x000000008a200000, 0x000000008a200000|100%|HC|  |TAMS 0x000000008a200000, 0x000000008a200000| Complete 
|  30|0x000000008a200000, 0x000000008a300000, 0x000000008a300000|100%|HC|  |TAMS 0x000000008a300000, 0x000000008a300000| Complete 
|  31|0x000000008a300000, 0x000000008a400000, 0x000000008a400000|100%|HC|  |TAMS 0x000000008a400000, 0x000000008a400000| Complete 
|  32|0x000000008a400000, 0x000000008a500000, 0x000000008a500000|100%|HC|  |TAMS 0x000000008a500000, 0x000000008a500000| Complete 
|  33|0x000000008a500000, 0x000000008a600000, 0x000000008a600000|100%|HC|  |TAMS 0x000000008a600000, 0x000000008a600000| Complete 
|  34|0x000000008a600000, 0x000000008a700000, 0x000000008a700000|100%|HC|  |TAMS 0x000000008a700000, 0x000000008a700000| Complete 
|  35|0x000000008a700000, 0x000000008a800000, 0x000000008a800000|100%|HC|  |TAMS 0x000000008a800000, 0x000000008a800000| Complete 
|  36|0x000000008a800000, 0x000000008a900000, 0x000000008a900000|100%|HC|  |TAMS 0x000000008a900000, 0x000000008a900000| Complete 
|  37|0x000000008a900000, 0x000000008aa00000, 0x000000008aa00000|100%|HC|  |TAMS 0x000000008aa00000, 0x000000008aa00000| Complete 
|  38|0x000000008aa00000, 0x000000008ab00000, 0x000000008ab00000|100%|HC|  |TAMS 0x000000008ab00000, 0x000000008ab00000| Complete 
|  39|0x000000008ab00000, 0x000000008ac00000, 0x000000008ac00000|100%|HC|  |TAMS 0x000000008ac00000, 0x000000008ac00000| Complete 
|  40|0x000000008ac00000, 0x000000008ad00000, 0x000000008ad00000|100%| O|  |TAMS 0x000000008ad00000, 0x000000008ad00000| Untracked 
|  41|0x000000008ad00000, 0x000000008ae00000, 0x000000008ae00000|100%| O|  |TAMS 0x000000008ae00000, 0x000000008ae00000| Untracked 
|  42|0x000000008ae00000, 0x000000008af00000, 0x000000008af00000|100%| O|  |TAMS 0x000000008af00000, 0x000000008af00000| Untracked 
|  43|0x000000008af00000, 0x000000008b000000, 0x000000008b000000|100%| O|  |TAMS 0x000000008b000000, 0x000000008b000000| Untracked 
|  44|0x000000008b000000, 0x000000008b100000, 0x000000008b100000|100%| O|  |TAMS 0x000000008b100000, 0x000000008b100000| Untracked 
|  45|0x000000008b100000, 0x000000008b200000, 0x000000008b200000|100%| O|  |TAMS 0x000000008b200000, 0x000000008b200000| Untracked 
|  46|0x000000008b200000, 0x000000008b300000, 0x000000008b300000|100%| O|  |TAMS 0x000000008b300000, 0x000000008b300000| Untracked 
|  47|0x000000008b300000, 0x000000008b400000, 0x000000008b400000|100%| O|  |TAMS 0x000000008b400000, 0x000000008b400000| Untracked 
|  48|0x000000008b400000, 0x000000008b500000, 0x000000008b500000|100%| O|  |TAMS 0x000000008b500000, 0x000000008b500000| Untracked 
|  49|0x000000008b500000, 0x000000008b600000, 0x000000008b600000|100%| O|  |TAMS 0x000000008b600000, 0x000000008b600000| Untracked 
|  50|0x000000008b600000, 0x000000008b700000, 0x000000008b700000|100%| O|  |TAMS 0x000000008b700000, 0x000000008b700000| Untracked 
|  51|0x000000008b700000, 0x000000008b800000, 0x000000008b800000|100%| O|  |TAMS 0x000000008b800000, 0x000000008b800000| Untracked 
|  52|0x000000008b800000, 0x000000008b900000, 0x000000008b900000|100%| O|  |TAMS 0x000000008b900000, 0x000000008b900000| Untracked 
|  53|0x000000008b900000, 0x000000008ba00000, 0x000000008ba00000|100%| O|  |TAMS 0x000000008ba00000, 0x000000008ba00000| Untracked 
|  54|0x000000008ba00000, 0x000000008bb00000, 0x000000008bb00000|100%| O|  |TAMS 0x000000008bb00000, 0x000000008bb00000| Untracked 
|  55|0x000000008bb00000, 0x000000008bc00000, 0x000000008bc00000|100%| O|  |TAMS 0x000000008bc00000, 0x000000008bc00000| Untracked 
|  56|0x000000008bc00000, 0x000000008bd00000, 0x000000008bd00000|100%| O|  |TAMS 0x000000008bd00000, 0x000000008bd00000| Untracked 
|  57|0x000000008bd00000, 0x000000008be00000, 0x000000008be00000|100%| O|  |TAMS 0x000000008be00000, 0x000000008be00000| Untracked 
|  58|0x000000008be00000, 0x000000008bf00000, 0x000000008bf00000|100%| O|  |TAMS 0x000000008bf00000, 0x000000008bf00000| Untracked 
|  59|0x000000008bf00000, 0x000000008c000000, 0x000000008c000000|100%| O|  |TAMS 0x000000008c000000, 0x000000008c000000| Untracked 
|  60|0x000000008c000000, 0x000000008c100000, 0x000000008c100000|100%| O|  |TAMS 0x000000008c100000, 0x000000008c100000| Untracked 
|  61|0x000000008c100000, 0x000000008c200000, 0x000000008c200000|100%| O|  |TAMS 0x000000008c100000, 0x000000008c200000| Untracked 
|  62|0x000000008c200000, 0x000000008c300000, 0x000000008c300000|100%| O|  |TAMS 0x000000008c200000, 0x000000008c300000| Untracked 
|  63|0x000000008c300000, 0x000000008c400000, 0x000000008c400000|100%| O|  |TAMS 0x000000008c300000, 0x000000008c400000| Untracked 
|  64|0x000000008c400000, 0x000000008c500000, 0x000000008c500000|100%| O|  |TAMS 0x000000008c400000, 0x000000008c500000| Untracked 
|  65|0x000000008c500000, 0x000000008c600000, 0x000000008c600000|100%| O|  |TAMS 0x000000008c500000, 0x000000008c600000| Untracked 
|  66|0x000000008c600000, 0x000000008c700000, 0x000000008c700000|100%| O|  |TAMS 0x000000008c600000, 0x000000008c700000| Untracked 
|  67|0x000000008c700000, 0x000000008c800000, 0x000000008c800000|100%| O|  |TAMS 0x000000008c700000, 0x000000008c800000| Untracked 
|  68|0x000000008c800000, 0x000000008c900000, 0x000000008c900000|100%| O|  |TAMS 0x000000008c800000, 0x000000008c900000| Untracked 
|  69|0x000000008c900000, 0x000000008ca00000, 0x000000008ca00000|100%| O|  |TAMS 0x000000008c900000, 0x000000008ca00000| Untracked 
|  70|0x000000008ca00000, 0x000000008cb00000, 0x000000008cb00000|100%| O|  |TAMS 0x000000008ca00000, 0x000000008cb00000| Untracked 
|  71|0x000000008cb00000, 0x000000008cc00000, 0x000000008cc00000|100%| O|  |TAMS 0x000000008cb00000, 0x000000008cc00000| Untracked 
|  72|0x000000008cc00000, 0x000000008cd00000, 0x000000008cd00000|100%| O|  |TAMS 0x000000008cc00000, 0x000000008cd00000| Untracked 
|  73|0x000000008cd00000, 0x000000008ce00000, 0x000000008ce00000|100%| O|  |TAMS 0x000000008cd00000, 0x000000008ce00000| Untracked 
|  74|0x000000008ce00000, 0x000000008cf00000, 0x000000008cf00000|100%| O|  |TAMS 0x000000008ce00000, 0x000000008cf00000| Untracked 
|  75|0x000000008cf00000, 0x000000008d000000, 0x000000008d000000|100%| O|  |TAMS 0x000000008cf00000, 0x000000008d000000| Untracked 
|  76|0x000000008d000000, 0x000000008d100000, 0x000000008d100000|100%| O|  |TAMS 0x000000008d000000, 0x000000008d100000| Untracked 
|  77|0x000000008d100000, 0x000000008d200000, 0x000000008d200000|100%| O|  |TAMS 0x000000008d100000, 0x000000008d200000| Untracked 
|  78|0x000000008d200000, 0x000000008d300000, 0x000000008d300000|100%| O|  |TAMS 0x000000008d200000, 0x000000008d300000| Untracked 
|  79|0x000000008d300000, 0x000000008d400000, 0x000000008d400000|100%| O|  |TAMS 0x000000008d300000, 0x000000008d400000| Untracked 
|  80|0x000000008d400000, 0x000000008d500000, 0x000000008d500000|100%| O|  |TAMS 0x000000008d400000, 0x000000008d500000| Untracked 
|  81|0x000000008d500000, 0x000000008d600000, 0x000000008d600000|100%| O|  |TAMS 0x000000008d500000, 0x000000008d600000| Untracked 
|  82|0x000000008d600000, 0x000000008d700000, 0x000000008d700000|100%| O|  |TAMS 0x000000008d600000, 0x000000008d700000| Untracked 
|  83|0x000000008d700000, 0x000000008d800000, 0x000000008d800000|100%| O|  |TAMS 0x000000008d700000, 0x000000008d800000| Untracked 
|  84|0x000000008d800000, 0x000000008d900000, 0x000000008d900000|100%| O|  |TAMS 0x000000008d800000, 0x000000008d900000| Untracked 
|  85|0x000000008d900000, 0x000000008da00000, 0x000000008da00000|100%| O|  |TAMS 0x000000008d900000, 0x000000008da00000| Untracked 
|  86|0x000000008da00000, 0x000000008db00000, 0x000000008db00000|100%| O|  |TAMS 0x000000008da00000, 0x000000008db00000| Untracked 
|  87|0x000000008db00000, 0x000000008dc00000, 0x000000008dc00000|100%| O|  |TAMS 0x000000008db00000, 0x000000008dc00000| Untracked 
|  88|0x000000008dc00000, 0x000000008dd00000, 0x000000008dd00000|100%| O|  |TAMS 0x000000008dc00000, 0x000000008dd00000| Untracked 
|  89|0x000000008dd00000, 0x000000008de00000, 0x000000008de00000|100%| O|  |TAMS 0x000000008dd00000, 0x000000008de00000| Untracked 
|  90|0x000000008de00000, 0x000000008df00000, 0x000000008df00000|100%| O|  |TAMS 0x000000008de00000, 0x000000008df00000| Untracked 
|  91|0x000000008df00000, 0x000000008e000000, 0x000000008e000000|100%| O|  |TAMS 0x000000008df00000, 0x000000008e000000| Untracked 
|  92|0x000000008e000000, 0x000000008e100000, 0x000000008e100000|100%| O|  |TAMS 0x000000008e000000, 0x000000008e100000| Untracked 
|  93|0x000000008e100000, 0x000000008e200000, 0x000000008e200000|100%| O|  |TAMS 0x000000008e100000, 0x000000008e200000| Untracked 
|  94|0x000000008e200000, 0x000000008e300000, 0x000000008e300000|100%| O|  |TAMS 0x000000008e200000, 0x000000008e300000| Untracked 
|  95|0x000000008e300000, 0x000000008e400000, 0x000000008e400000|100%| O|  |TAMS 0x000000008e300000, 0x000000008e400000| Untracked 
|  96|0x000000008e400000, 0x000000008e500000, 0x000000008e500000|100%| O|  |TAMS 0x000000008e400000, 0x000000008e500000| Untracked 
|  97|0x000000008e500000, 0x000000008e600000, 0x000000008e600000|100%| O|  |TAMS 0x000000008e500000, 0x000000008e600000| Untracked 
|  98|0x000000008e600000, 0x000000008e700000, 0x000000008e700000|100%| O|  |TAMS 0x000000008e600000, 0x000000008e700000| Untracked 
|  99|0x000000008e700000, 0x000000008e800000, 0x000000008e800000|100%| O|  |TAMS 0x000000008e700000, 0x000000008e800000| Untracked 
| 100|0x000000008e800000, 0x000000008e900000, 0x000000008e900000|100%| O|  |TAMS 0x000000008e800000, 0x000000008e900000| Untracked 
| 101|0x000000008e900000, 0x000000008ea00000, 0x000000008ea00000|100%| O|  |TAMS 0x000000008e900000, 0x000000008ea00000| Untracked 
| 102|0x000000008ea00000, 0x000000008eb00000, 0x000000008eb00000|100%| O|  |TAMS 0x000000008ea00000, 0x000000008eb00000| Untracked 
| 103|0x000000008eb00000, 0x000000008ec00000, 0x000000008ec00000|100%| O|  |TAMS 0x000000008eb00000, 0x000000008ec00000| Untracked 
| 104|0x000000008ec00000, 0x000000008ed00000, 0x000000008ed00000|100%| O|  |TAMS 0x000000008ec00000, 0x000000008ed00000| Untracked 
| 105|0x000000008ed00000, 0x000000008ee00000, 0x000000008ee00000|100%| O|  |TAMS 0x000000008ed00000, 0x000000008ee00000| Untracked 
| 106|0x000000008ee00000, 0x000000008ef00000, 0x000000008ef00000|100%| O|  |TAMS 0x000000008ee00000, 0x000000008ef00000| Untracked 
| 107|0x000000008ef00000, 0x000000008f000000, 0x000000008f000000|100%| O|  |TAMS 0x000000008ef00000, 0x000000008f000000| Untracked 
| 108|0x000000008f000000, 0x000000008f100000, 0x000000008f100000|100%| O|  |TAMS 0x000000008f000000, 0x000000008f100000| Untracked 
| 109|0x000000008f100000, 0x000000008f200000, 0x000000008f200000|100%| O|  |TAMS 0x000000008f100000, 0x000000008f200000| Untracked 
| 110|0x000000008f200000, 0x000000008f300000, 0x000000008f300000|100%| O|  |TAMS 0x000000008f200000, 0x000000008f300000| Untracked 
| 111|0x000000008f300000, 0x000000008f400000, 0x000000008f400000|100%| O|  |TAMS 0x000000008f300000, 0x000000008f400000| Untracked 
| 112|0x000000008f400000, 0x000000008f500000, 0x000000008f500000|100%| O|  |TAMS 0x000000008f400000, 0x000000008f500000| Untracked 
| 113|0x000000008f500000, 0x000000008f600000, 0x000000008f600000|100%| O|  |TAMS 0x000000008f500000, 0x000000008f600000| Untracked 
| 114|0x000000008f600000, 0x000000008f700000, 0x000000008f700000|100%| O|  |TAMS 0x000000008f600000, 0x000000008f700000| Untracked 
| 115|0x000000008f700000, 0x000000008f800000, 0x000000008f800000|100%| O|  |TAMS 0x000000008f700000, 0x000000008f800000| Untracked 
| 116|0x000000008f800000, 0x000000008f900000, 0x000000008f900000|100%| O|  |TAMS 0x000000008f800000, 0x000000008f900000| Untracked 
| 117|0x000000008f900000, 0x000000008fa00000, 0x000000008fa00000|100%| O|  |TAMS 0x000000008f900000, 0x000000008fa00000| Untracked 
| 118|0x000000008fa00000, 0x000000008fb00000, 0x000000008fb00000|100%| O|  |TAMS 0x000000008fa00000, 0x000000008fb00000| Untracked 
| 119|0x000000008fb00000, 0x000000008fc00000, 0x000000008fc00000|100%| O|  |TAMS 0x000000008fb00000, 0x000000008fc00000| Untracked 
| 120|0x000000008fc00000, 0x000000008fd00000, 0x000000008fd00000|100%| O|  |TAMS 0x000000008fc00000, 0x000000008fd00000| Untracked 
| 121|0x000000008fd00000, 0x000000008fe00000, 0x000000008fe00000|100%| O|  |TAMS 0x000000008fd00000, 0x000000008fe00000| Untracked 
| 122|0x000000008fe00000, 0x000000008ff00000, 0x000000008ff00000|100%| O|  |TAMS 0x000000008fe00000, 0x000000008ff00000| Untracked 
| 123|0x000000008ff00000, 0x0000000090000000, 0x0000000090000000|100%| O|  |TAMS 0x000000008ff00000, 0x0000000090000000| Untracked 
| 124|0x0000000090000000, 0x0000000090100000, 0x0000000090100000|100%| O|  |TAMS 0x0000000090000000, 0x0000000090100000| Untracked 
| 125|0x0000000090100000, 0x0000000090200000, 0x0000000090200000|100%| O|  |TAMS 0x0000000090100000, 0x0000000090200000| Untracked 
| 126|0x0000000090200000, 0x0000000090300000, 0x0000000090300000|100%| O|  |TAMS 0x0000000090200000, 0x0000000090300000| Untracked 
| 127|0x0000000090300000, 0x0000000090400000, 0x0000000090400000|100%| O|  |TAMS 0x0000000090300000, 0x0000000090400000| Untracked 
| 128|0x0000000090400000, 0x0000000090500000, 0x0000000090500000|100%| O|  |TAMS 0x0000000090400000, 0x0000000090500000| Untracked 
| 129|0x0000000090500000, 0x0000000090600000, 0x0000000090600000|100%| O|  |TAMS 0x0000000090500000, 0x0000000090600000| Untracked 
| 130|0x0000000090600000, 0x0000000090700000, 0x0000000090700000|100%| O|  |TAMS 0x0000000090600000, 0x0000000090700000| Untracked 
| 131|0x0000000090700000, 0x0000000090800000, 0x0000000090800000|100%| O|  |TAMS 0x0000000090700000, 0x0000000090800000| Untracked 
| 132|0x0000000090800000, 0x0000000090900000, 0x0000000090900000|100%| O|  |TAMS 0x0000000090800000, 0x0000000090900000| Untracked 
| 133|0x0000000090900000, 0x0000000090a00000, 0x0000000090a00000|100%| O|  |TAMS 0x0000000090900000, 0x0000000090a00000| Untracked 
| 134|0x0000000090a00000, 0x0000000090b00000, 0x0000000090b00000|100%| O|  |TAMS 0x0000000090a00000, 0x0000000090b00000| Untracked 
| 135|0x0000000090b00000, 0x0000000090c00000, 0x0000000090c00000|100%| O|  |TAMS 0x0000000090b00000, 0x0000000090c00000| Untracked 
| 136|0x0000000090c00000, 0x0000000090d00000, 0x0000000090d00000|100%| O|  |TAMS 0x0000000090c00000, 0x0000000090d00000| Untracked 
| 137|0x0000000090d00000, 0x0000000090e00000, 0x0000000090e00000|100%| O|  |TAMS 0x0000000090d00000, 0x0000000090e00000| Untracked 
| 138|0x0000000090e00000, 0x0000000090f00000, 0x0000000090f00000|100%| O|  |TAMS 0x0000000090e00000, 0x0000000090f00000| Untracked 
| 139|0x0000000090f00000, 0x0000000091000000, 0x0000000091000000|100%| O|  |TAMS 0x0000000090f00000, 0x0000000090f80000| Untracked 
| 140|0x0000000091000000, 0x0000000091100000, 0x0000000091100000|100%| O|  |TAMS 0x0000000091000000, 0x0000000091000000| Untracked 
| 141|0x0000000091100000, 0x0000000091200000, 0x0000000091200000|100%| O|  |TAMS 0x0000000091100000, 0x0000000091100000| Untracked 
| 142|0x0000000091200000, 0x0000000091300000, 0x0000000091300000|100%| O|  |TAMS 0x0000000091200000, 0x0000000091200000| Untracked 
| 143|0x0000000091300000, 0x0000000091400000, 0x0000000091400000|100%| O|  |TAMS 0x0000000091300000, 0x0000000091300000| Untracked 
| 144|0x0000000091400000, 0x0000000091500000, 0x0000000091500000|100%| O|  |TAMS 0x0000000091400000, 0x0000000091400000| Untracked 
| 145|0x0000000091500000, 0x0000000091600000, 0x0000000091600000|100%| O|  |TAMS 0x0000000091500000, 0x0000000091500000| Untracked 
| 146|0x0000000091600000, 0x0000000091700000, 0x0000000091700000|100%| O|  |TAMS 0x0000000091600000, 0x0000000091600000| Untracked 
| 147|0x0000000091700000, 0x0000000091800000, 0x0000000091800000|100%| O|  |TAMS 0x0000000091700000, 0x0000000091700000| Untracked 
| 148|0x0000000091800000, 0x0000000091900000, 0x0000000091900000|100%| O|  |TAMS 0x0000000091800000, 0x0000000091800000| Untracked 
| 149|0x0000000091900000, 0x0000000091a00000, 0x0000000091a00000|100%| O|  |TAMS 0x0000000091900000, 0x0000000091900000| Untracked 
| 150|0x0000000091a00000, 0x0000000091b00000, 0x0000000091b00000|100%| O|  |TAMS 0x0000000091a00000, 0x0000000091a00000| Untracked 
| 151|0x0000000091b00000, 0x0000000091c00000, 0x0000000091c00000|100%| O|  |TAMS 0x0000000091b00000, 0x0000000091b00000| Untracked 
| 152|0x0000000091c00000, 0x0000000091d00000, 0x0000000091d00000|100%| O|  |TAMS 0x0000000091c00000, 0x0000000091c00000| Untracked 
| 153|0x0000000091d00000, 0x0000000091e00000, 0x0000000091e00000|100%| O|  |TAMS 0x0000000091d00000, 0x0000000091d00000| Untracked 
| 154|0x0000000091e00000, 0x0000000091f00000, 0x0000000091f00000|100%| O|  |TAMS 0x0000000091e00000, 0x0000000091e00000| Untracked 
| 155|0x0000000091f00000, 0x0000000091f80000, 0x0000000092000000| 50%| O|  |TAMS 0x0000000091f00000, 0x0000000091f00000| Untracked 
| 156|0x0000000092000000, 0x0000000092000000, 0x0000000092100000|  0%| F|  |TAMS 0x0000000092000000, 0x0000000092000000| Untracked 
| 157|0x0000000092100000, 0x0000000092100000, 0x0000000092200000|  0%| F|  |TAMS 0x0000000092100000, 0x0000000092100000| Untracked 
| 158|0x0000000092200000, 0x0000000092200000, 0x0000000092300000|  0%| F|  |TAMS 0x0000000092200000, 0x0000000092200000| Untracked 
| 159|0x0000000092300000, 0x0000000092300000, 0x0000000092400000|  0%| F|  |TAMS 0x0000000092300000, 0x0000000092300000| Untracked 
| 160|0x0000000092400000, 0x0000000092400000, 0x0000000092500000|  0%| F|  |TAMS 0x0000000092400000, 0x0000000092400000| Untracked 
| 161|0x0000000092500000, 0x0000000092500000, 0x0000000092600000|  0%| F|  |TAMS 0x0000000092500000, 0x0000000092500000| Untracked 
| 162|0x0000000092600000, 0x0000000092600000, 0x0000000092700000|  0%| F|  |TAMS 0x0000000092600000, 0x0000000092600000| Untracked 
| 163|0x0000000092700000, 0x0000000092700000, 0x0000000092800000|  0%| F|  |TAMS 0x0000000092700000, 0x0000000092700000| Untracked 
| 164|0x0000000092800000, 0x0000000092800000, 0x0000000092900000|  0%| F|  |TAMS 0x0000000092800000, 0x0000000092800000| Untracked 
| 165|0x0000000092900000, 0x0000000092900000, 0x0000000092a00000|  0%| F|  |TAMS 0x0000000092900000, 0x0000000092900000| Untracked 
| 166|0x0000000092a00000, 0x0000000092a00000, 0x0000000092b00000|  0%| F|  |TAMS 0x0000000092a00000, 0x0000000092a00000| Untracked 
| 167|0x0000000092b00000, 0x0000000092b00000, 0x0000000092c00000|  0%| F|  |TAMS 0x0000000092b00000, 0x0000000092b00000| Untracked 
| 168|0x0000000092c00000, 0x0000000092c00000, 0x0000000092d00000|  0%| F|  |TAMS 0x0000000092c00000, 0x0000000092c00000| Untracked 
| 169|0x0000000092d00000, 0x0000000092d00000, 0x0000000092e00000|  0%| F|  |TAMS 0x0000000092d00000, 0x0000000092d00000| Untracked 
| 170|0x0000000092e00000, 0x0000000092e00000, 0x0000000092f00000|  0%| F|  |TAMS 0x0000000092e00000, 0x0000000092e00000| Untracked 
| 171|0x0000000092f00000, 0x0000000092f00000, 0x0000000093000000|  0%| F|  |TAMS 0x0000000092f00000, 0x0000000092f00000| Untracked 
| 172|0x0000000093000000, 0x0000000093000000, 0x0000000093100000|  0%| F|  |TAMS 0x0000000093000000, 0x0000000093000000| Untracked 
| 173|0x0000000093100000, 0x0000000093100000, 0x0000000093200000|  0%| F|  |TAMS 0x0000000093100000, 0x0000000093100000| Untracked 
| 174|0x0000000093200000, 0x0000000093200000, 0x0000000093300000|  0%| F|  |TAMS 0x0000000093200000, 0x0000000093200000| Untracked 
| 175|0x0000000093300000, 0x0000000093300000, 0x0000000093400000|  0%| F|  |TAMS 0x0000000093300000, 0x0000000093300000| Untracked 
| 176|0x0000000093400000, 0x0000000093400000, 0x0000000093500000|  0%| F|  |TAMS 0x0000000093400000, 0x0000000093400000| Untracked 
| 177|0x0000000093500000, 0x0000000093500000, 0x0000000093600000|  0%| F|  |TAMS 0x0000000093500000, 0x0000000093500000| Untracked 
| 178|0x0000000093600000, 0x0000000093600000, 0x0000000093700000|  0%| F|  |TAMS 0x0000000093600000, 0x0000000093600000| Untracked 
| 179|0x0000000093700000, 0x0000000093700000, 0x0000000093800000|  0%| F|  |TAMS 0x0000000093700000, 0x0000000093700000| Untracked 
| 180|0x0000000093800000, 0x0000000093800000, 0x0000000093900000|  0%| F|  |TAMS 0x0000000093800000, 0x0000000093800000| Untracked 
| 181|0x0000000093900000, 0x0000000093900000, 0x0000000093a00000|  0%| F|  |TAMS 0x0000000093900000, 0x0000000093900000| Untracked 
| 182|0x0000000093a00000, 0x0000000093a00000, 0x0000000093b00000|  0%| F|  |TAMS 0x0000000093a00000, 0x0000000093a00000| Untracked 
| 183|0x0000000093b00000, 0x0000000093b00000, 0x0000000093c00000|  0%| F|  |TAMS 0x0000000093b00000, 0x0000000093b00000| Untracked 
| 184|0x0000000093c00000, 0x0000000093c00000, 0x0000000093d00000|  0%| F|  |TAMS 0x0000000093c00000, 0x0000000093c00000| Untracked 
| 185|0x0000000093d00000, 0x0000000093d00000, 0x0000000093e00000|  0%| F|  |TAMS 0x0000000093d00000, 0x0000000093d00000| Untracked 
| 186|0x0000000093e00000, 0x0000000093e00000, 0x0000000093f00000|  0%| F|  |TAMS 0x0000000093e00000, 0x0000000093e00000| Untracked 
| 187|0x0000000093f00000, 0x0000000093f00000, 0x0000000094000000|  0%| F|  |TAMS 0x0000000093f00000, 0x0000000093f00000| Untracked 
| 188|0x0000000094000000, 0x0000000094000000, 0x0000000094100000|  0%| F|  |TAMS 0x0000000094000000, 0x0000000094000000| Untracked 
| 189|0x0000000094100000, 0x0000000094100000, 0x0000000094200000|  0%| F|  |TAMS 0x0000000094100000, 0x0000000094100000| Untracked 
| 190|0x0000000094200000, 0x0000000094200000, 0x0000000094300000|  0%| F|  |TAMS 0x0000000094200000, 0x0000000094200000| Untracked 
| 191|0x0000000094300000, 0x0000000094300000, 0x0000000094400000|  0%| F|  |TAMS 0x0000000094300000, 0x0000000094300000| Untracked 
| 192|0x0000000094400000, 0x0000000094400000, 0x0000000094500000|  0%| F|  |TAMS 0x0000000094400000, 0x0000000094400000| Untracked 
| 193|0x0000000094500000, 0x0000000094500000, 0x0000000094600000|  0%| F|  |TAMS 0x0000000094500000, 0x0000000094500000| Untracked 
| 194|0x0000000094600000, 0x0000000094600000, 0x0000000094700000|  0%| F|  |TAMS 0x0000000094600000, 0x0000000094600000| Untracked 
| 195|0x0000000094700000, 0x0000000094700000, 0x0000000094800000|  0%| F|  |TAMS 0x0000000094700000, 0x0000000094700000| Untracked 
| 196|0x0000000094800000, 0x0000000094800000, 0x0000000094900000|  0%| F|  |TAMS 0x0000000094800000, 0x0000000094800000| Untracked 
| 197|0x0000000094900000, 0x0000000094900000, 0x0000000094a00000|  0%| F|  |TAMS 0x0000000094900000, 0x0000000094900000| Untracked 
| 198|0x0000000094a00000, 0x0000000094a00000, 0x0000000094b00000|  0%| F|  |TAMS 0x0000000094a00000, 0x0000000094a00000| Untracked 
| 199|0x0000000094b00000, 0x0000000094b00000, 0x0000000094c00000|  0%| F|  |TAMS 0x0000000094b00000, 0x0000000094b00000| Untracked 
| 200|0x0000000094c00000, 0x0000000094c00000, 0x0000000094d00000|  0%| F|  |TAMS 0x0000000094c00000, 0x0000000094c00000| Untracked 
| 201|0x0000000094d00000, 0x0000000094d00000, 0x0000000094e00000|  0%| F|  |TAMS 0x0000000094d00000, 0x0000000094d00000| Untracked 
| 202|0x0000000094e00000, 0x0000000094e00000, 0x0000000094f00000|  0%| F|  |TAMS 0x0000000094e00000, 0x0000000094e00000| Untracked 
| 203|0x0000000094f00000, 0x0000000094f00000, 0x0000000095000000|  0%| F|  |TAMS 0x0000000094f00000, 0x0000000094f00000| Untracked 
| 204|0x0000000095000000, 0x0000000095000000, 0x0000000095100000|  0%| F|  |TAMS 0x0000000095000000, 0x0000000095000000| Untracked 
| 205|0x0000000095100000, 0x0000000095100000, 0x0000000095200000|  0%| F|  |TAMS 0x0000000095100000, 0x0000000095100000| Untracked 
| 206|0x0000000095200000, 0x0000000095200000, 0x0000000095300000|  0%| F|  |TAMS 0x0000000095200000, 0x0000000095200000| Untracked 
| 207|0x0000000095300000, 0x0000000095300000, 0x0000000095400000|  0%| F|  |TAMS 0x0000000095300000, 0x0000000095300000| Untracked 
| 208|0x0000000095400000, 0x0000000095400000, 0x0000000095500000|  0%| F|  |TAMS 0x0000000095400000, 0x0000000095400000| Untracked 
| 209|0x0000000095500000, 0x0000000095500000, 0x0000000095600000|  0%| F|  |TAMS 0x0000000095500000, 0x0000000095500000| Untracked 
| 210|0x0000000095600000, 0x0000000095600000, 0x0000000095700000|  0%| F|  |TAMS 0x0000000095600000, 0x0000000095600000| Untracked 
| 211|0x0000000095700000, 0x0000000095700000, 0x0000000095800000|  0%| F|  |TAMS 0x0000000095700000, 0x0000000095700000| Untracked 
| 212|0x0000000095800000, 0x0000000095800000, 0x0000000095900000|  0%| F|  |TAMS 0x0000000095800000, 0x0000000095800000| Untracked 
| 213|0x0000000095900000, 0x0000000095900000, 0x0000000095a00000|  0%| F|  |TAMS 0x0000000095900000, 0x0000000095900000| Untracked 
| 214|0x0000000095a00000, 0x0000000095a00000, 0x0000000095b00000|  0%| F|  |TAMS 0x0000000095a00000, 0x0000000095a00000| Untracked 
| 215|0x0000000095b00000, 0x0000000095c00000, 0x0000000095c00000|100%| S|CS|TAMS 0x0000000095b00000, 0x0000000095b00000| Complete 
| 216|0x0000000095c00000, 0x0000000095d00000, 0x0000000095d00000|100%| S|CS|TAMS 0x0000000095c00000, 0x0000000095c00000| Complete 
| 217|0x0000000095d00000, 0x0000000095e00000, 0x0000000095e00000|100%| S|CS|TAMS 0x0000000095d00000, 0x0000000095d00000| Complete 
| 218|0x0000000095e00000, 0x0000000095e00000, 0x0000000095f00000|  0%| F|  |TAMS 0x0000000095e00000, 0x0000000095e00000| Untracked 
| 219|0x0000000095f00000, 0x0000000095f00000, 0x0000000096000000|  0%| F|  |TAMS 0x0000000095f00000, 0x0000000095f00000| Untracked 
| 220|0x0000000096000000, 0x0000000096100000, 0x0000000096100000|100%| S|CS|TAMS 0x0000000096000000, 0x0000000096000000| Complete 
| 221|0x0000000096100000, 0x0000000096200000, 0x0000000096200000|100%| S|CS|TAMS 0x0000000096100000, 0x0000000096100000| Complete 
| 222|0x0000000096200000, 0x0000000096300000, 0x0000000096300000|100%| S|CS|TAMS 0x0000000096200000, 0x0000000096200000| Complete 
| 223|0x0000000096300000, 0x0000000096400000, 0x0000000096400000|100%| S|CS|TAMS 0x0000000096300000, 0x0000000096300000| Complete 
| 224|0x0000000096400000, 0x0000000096400000, 0x0000000096500000|  0%| F|  |TAMS 0x0000000096400000, 0x0000000096400000| Untracked 
| 225|0x0000000096500000, 0x0000000096500000, 0x0000000096600000|  0%| F|  |TAMS 0x0000000096500000, 0x0000000096500000| Untracked 
| 226|0x0000000096600000, 0x0000000096600000, 0x0000000096700000|  0%| F|  |TAMS 0x0000000096600000, 0x0000000096600000| Untracked 
| 227|0x0000000096700000, 0x0000000096700000, 0x0000000096800000|  0%| F|  |TAMS 0x0000000096700000, 0x0000000096700000| Untracked 
| 228|0x0000000096800000, 0x0000000096800000, 0x0000000096900000|  0%| F|  |TAMS 0x0000000096800000, 0x0000000096800000| Untracked 
| 229|0x0000000096900000, 0x0000000096900000, 0x0000000096a00000|  0%| F|  |TAMS 0x0000000096900000, 0x0000000096900000| Untracked 
| 230|0x0000000096a00000, 0x0000000096a00000, 0x0000000096b00000|  0%| F|  |TAMS 0x0000000096a00000, 0x0000000096a00000| Untracked 
| 231|0x0000000096b00000, 0x0000000096b00000, 0x0000000096c00000|  0%| F|  |TAMS 0x0000000096b00000, 0x0000000096b00000| Untracked 
| 232|0x0000000096c00000, 0x0000000096c00000, 0x0000000096d00000|  0%| F|  |TAMS 0x0000000096c00000, 0x0000000096c00000| Untracked 
| 233|0x0000000096d00000, 0x0000000096d00000, 0x0000000096e00000|  0%| F|  |TAMS 0x0000000096d00000, 0x0000000096d00000| Untracked 
| 234|0x0000000096e00000, 0x0000000096e00000, 0x0000000096f00000|  0%| F|  |TAMS 0x0000000096e00000, 0x0000000096e00000| Untracked 
| 235|0x0000000096f00000, 0x0000000096f00000, 0x0000000097000000|  0%| F|  |TAMS 0x0000000096f00000, 0x0000000096f00000| Untracked 
| 236|0x0000000097000000, 0x0000000097000000, 0x0000000097100000|  0%| F|  |TAMS 0x0000000097000000, 0x0000000097000000| Untracked 
| 237|0x0000000097100000, 0x0000000097100000, 0x0000000097200000|  0%| F|  |TAMS 0x0000000097100000, 0x0000000097100000| Untracked 
| 238|0x0000000097200000, 0x0000000097200000, 0x0000000097300000|  0%| F|  |TAMS 0x0000000097200000, 0x0000000097200000| Untracked 
| 239|0x0000000097300000, 0x0000000097300000, 0x0000000097400000|  0%| F|  |TAMS 0x0000000097300000, 0x0000000097300000| Untracked 
| 240|0x0000000097400000, 0x0000000097400000, 0x0000000097500000|  0%| F|  |TAMS 0x0000000097400000, 0x0000000097400000| Untracked 
| 241|0x0000000097500000, 0x0000000097500000, 0x0000000097600000|  0%| F|  |TAMS 0x0000000097500000, 0x0000000097500000| Untracked 
| 242|0x0000000097600000, 0x0000000097600000, 0x0000000097700000|  0%| F|  |TAMS 0x0000000097600000, 0x0000000097600000| Untracked 
| 243|0x0000000097700000, 0x0000000097700000, 0x0000000097800000|  0%| F|  |TAMS 0x0000000097700000, 0x0000000097700000| Untracked 
| 244|0x0000000097800000, 0x0000000097800000, 0x0000000097900000|  0%| F|  |TAMS 0x0000000097800000, 0x0000000097800000| Untracked 
| 245|0x0000000097900000, 0x0000000097900000, 0x0000000097a00000|  0%| F|  |TAMS 0x0000000097900000, 0x0000000097900000| Untracked 
| 246|0x0000000097a00000, 0x0000000097a00000, 0x0000000097b00000|  0%| F|  |TAMS 0x0000000097a00000, 0x0000000097a00000| Untracked 
| 247|0x0000000097b00000, 0x0000000097b00000, 0x0000000097c00000|  0%| F|  |TAMS 0x0000000097b00000, 0x0000000097b00000| Untracked 
| 248|0x0000000097c00000, 0x0000000097c00000, 0x0000000097d00000|  0%| F|  |TAMS 0x0000000097c00000, 0x0000000097c00000| Untracked 
| 249|0x0000000097d00000, 0x0000000097d00000, 0x0000000097e00000|  0%| F|  |TAMS 0x0000000097d00000, 0x0000000097d00000| Untracked 
| 250|0x0000000097e00000, 0x0000000097e00000, 0x0000000097f00000|  0%| F|  |TAMS 0x0000000097e00000, 0x0000000097e00000| Untracked 
| 251|0x0000000097f00000, 0x0000000097f00000, 0x0000000098000000|  0%| F|  |TAMS 0x0000000097f00000, 0x0000000097f00000| Untracked 
| 252|0x0000000098000000, 0x0000000098000000, 0x0000000098100000|  0%| F|  |TAMS 0x0000000098000000, 0x0000000098000000| Untracked 
| 253|0x0000000098100000, 0x0000000098100000, 0x0000000098200000|  0%| F|  |TAMS 0x0000000098100000, 0x0000000098100000| Untracked 
| 254|0x0000000098200000, 0x0000000098200000, 0x0000000098300000|  0%| F|  |TAMS 0x0000000098200000, 0x0000000098200000| Untracked 
| 255|0x0000000098300000, 0x0000000098300000, 0x0000000098400000|  0%| F|  |TAMS 0x0000000098300000, 0x0000000098300000| Untracked 
| 256|0x0000000098400000, 0x0000000098400000, 0x0000000098500000|  0%| F|  |TAMS 0x0000000098400000, 0x0000000098400000| Untracked 
| 257|0x0000000098500000, 0x0000000098500000, 0x0000000098600000|  0%| F|  |TAMS 0x0000000098500000, 0x0000000098500000| Untracked 
| 258|0x0000000098600000, 0x0000000098600000, 0x0000000098700000|  0%| F|  |TAMS 0x0000000098600000, 0x0000000098600000| Untracked 
| 259|0x0000000098700000, 0x0000000098700000, 0x0000000098800000|  0%| F|  |TAMS 0x0000000098700000, 0x0000000098700000| Untracked 
| 260|0x0000000098800000, 0x0000000098800000, 0x0000000098900000|  0%| F|  |TAMS 0x0000000098800000, 0x0000000098800000| Untracked 
| 261|0x0000000098900000, 0x0000000098900000, 0x0000000098a00000|  0%| F|  |TAMS 0x0000000098900000, 0x0000000098900000| Untracked 
| 262|0x0000000098a00000, 0x0000000098a00000, 0x0000000098b00000|  0%| F|  |TAMS 0x0000000098a00000, 0x0000000098a00000| Untracked 
| 263|0x0000000098b00000, 0x0000000098b00000, 0x0000000098c00000|  0%| F|  |TAMS 0x0000000098b00000, 0x0000000098b00000| Untracked 
| 264|0x0000000098c00000, 0x0000000098c00000, 0x0000000098d00000|  0%| F|  |TAMS 0x0000000098c00000, 0x0000000098c00000| Untracked 
| 265|0x0000000098d00000, 0x0000000098d00000, 0x0000000098e00000|  0%| F|  |TAMS 0x0000000098d00000, 0x0000000098d00000| Untracked 
| 266|0x0000000098e00000, 0x0000000098e00000, 0x0000000098f00000|  0%| F|  |TAMS 0x0000000098e00000, 0x0000000098e00000| Untracked 
| 267|0x0000000098f00000, 0x0000000098f00000, 0x0000000099000000|  0%| F|  |TAMS 0x0000000098f00000, 0x0000000098f00000| Untracked 
| 268|0x0000000099000000, 0x0000000099000000, 0x0000000099100000|  0%| F|  |TAMS 0x0000000099000000, 0x0000000099000000| Untracked 

Card table byte_map: [0x00007f2a04887000,0x00007f2a04c45000] _byte_map_base: 0x00007f2a04445000

Marking Bits (Prev, Next): (CMBitMap*) 0x00007f2a1c061780, (CMBitMap*) 0x00007f2a1c061748
 Prev Bits: [0x00007f29fc420000, 0x00007f29fe210000)
 Next Bits: [0x00007f29fe210000, 0x00007f2a00000000)

Polling page: 0x00007f2a2457c000

Metaspace:

Usage:
  Non-class:     12.25 MB capacity,    11.98 MB ( 98%) used,   237.54 KB (  2%) free+waste,    40.25 KB ( <1%) overhead. 
      Class:      1.52 MB capacity,     1.36 MB ( 89%) used,   143.10 KB (  9%) free+waste,    20.06 KB (  1%) overhead. 
       Both:     13.76 MB capacity,    13.33 MB ( 97%) used,   380.64 KB (  3%) free+waste,    60.31 KB ( <1%) overhead. 

Virtual space:
  Non-class space:       14.00 MB reserved,      12.50 MB ( 89%) committed 
      Class space:        1.00 GB reserved,       1.62 MB ( <1%) committed 
             Both:        1.01 GB reserved,      14.12 MB (  1%) committed 

Chunk freelists:
   Non-Class:  11.75 KB
       Class:  1.88 KB
        Both:  13.62 KB

CodeHeap 'non-profiled nmethods': size=120032Kb used=454Kb max_used=454Kb free=119577Kb
 bounds [0x00007f2a0c70d000, 0x00007f2a0c97d000, 0x00007f2a13c45000]
CodeHeap 'profiled nmethods': size=120032Kb used=2311Kb max_used=2311Kb free=117720Kb
 bounds [0x00007f2a051d5000, 0x00007f2a05445000, 0x00007f2a0c70d000]
CodeHeap 'non-nmethods': size=5696Kb used=1078Kb max_used=1101Kb free=4617Kb
 bounds [0x00007f2a04c45000, 0x00007f2a04eb5000, 0x00007f2a051d5000]
 total_blobs=1934 nmethods=1250 adapters=305
 compilation: enabled
              stopped_count=0, restarted_count=0
 full_count=0

Compilation events (10 events):
Event: 3.438 Thread 0x00007f2a1c165000 1245   !   3       java.lang.ref.ReferenceQueue::enqueue (119 bytes)
Event: 3.439 Thread 0x00007f2a1c165000 nmethod 1245 0x00007f2a05414c10 code [0x00007f2a05414e20, 0x00007f2a054155e8]
Event: 3.439 Thread 0x00007f2a1c165000 1248       3       java.lang.ref.Reference::clear (6 bytes)
Event: 3.440 Thread 0x00007f2a1c165000 nmethod 1248 0x00007f2a05415790 code [0x00007f2a05415940, 0x00007f2a05415ab0]
Event: 3.440 Thread 0x00007f2a1c165000 1249       3       jdk.internal.ref.PhantomCleanable::clean (16 bytes)
Event: 3.440 Thread 0x00007f2a1c165000 nmethod 1249 0x00007f2a05415b10 code [0x00007f2a05415ce0, 0x00007f2a05415ff8]
Event: 3.440 Thread 0x00007f2a1c165000 1250       3       jdk.internal.ref.CleanerImpl$PhantomCleanableRef::performCleanup (10 bytes)
Event: 3.440 Thread 0x00007f2a1c165000 nmethod 1250 0x00007f2a05416110 code [0x00007f2a054162e0, 0x00007f2a05416508]
Event: 3.440 Thread 0x00007f2a1c165000 1247       3       java.lang.ref.ReferenceQueue::reallyPoll (65 bytes)
Event: 3.441 Thread 0x00007f2a1c165000 nmethod 1247 0x00007f2a05416610 code [0x00007f2a05416800, 0x00007f2a05416d50]

GC Heap History (10 events):
Event: 3.904 GC heap after
{Heap after GC invocations=8 (full 0):
 garbage-first heap   total 179200K, used 91452K [0x0000000088400000, 0x0000000100000000)
  region size 1024K, 5 young (5120K), 5 survivors (5120K)
 Metaspace       used 13654K, capacity 14095K, committed 14464K, reserved 1062912K
  class space    used 1389K, capacity 1553K, committed 1664K, reserved 1048576K
}
Event: 3.978 GC heap before
{Heap before GC invocations=9 (full 0):
 garbage-first heap   total 179200K, used 122172K [0x0000000088400000, 0x0000000100000000)
  region size 1024K, 35 young (35840K), 5 survivors (5120K)
 Metaspace       used 13654K, capacity 14095K, committed 14464K, reserved 1062912K
  class space    used 1389K, capacity 1553K, committed 1664K, reserved 1048576K
}
Event: 4.006 GC heap after
{Heap after GC invocations=10 (full 0):
 garbage-first heap   total 275456K, used 102173K [0x0000000088400000, 0x0000000100000000)
  region size 1024K, 5 young (5120K), 5 survivors (5120K)
 Metaspace       used 13654K, capacity 14095K, committed 14464K, reserved 1062912K
  class space    used 1389K, capacity 1553K, committed 1664K, reserved 1048576K
}
Event: 4.113 GC heap before
{Heap before GC invocations=10 (full 0):
 garbage-first heap   total 275456K, used 140061K [0x0000000088400000, 0x0000000100000000)
  region size 1024K, 42 young (43008K), 5 survivors (5120K)
 Metaspace       used 13654K, capacity 14095K, committed 14464K, reserved 1062912K
  class space    used 1389K, capacity 1553K, committed 1664K, reserved 1048576K
}
Event: 4.150 GC heap after
{Heap after GC invocations=11 (full 0):
 garbage-first heap   total 275456K, used 115654K [0x0000000088400000, 0x0000000100000000)
  region size 1024K, 6 young (6144K), 6 survivors (6144K)
 Metaspace       used 13654K, capacity 14095K, committed 14464K, reserved 1062912K
  class space    used 1389K, capacity 1553K, committed 1664K, reserved 1048576K
}
Event: 4.254 GC heap before
{Heap before GC invocations=11 (full 0):
 garbage-first heap   total 275456K, used 161734K [0x0000000088400000, 0x0000000100000000)
  region size 1024K, 51 young (52224K), 6 survivors (6144K)
 Metaspace       used 13654K, capacity 14095K, committed 14464K, reserved 1062912K
  class space    used 1389K, capacity 1553K, committed 1664K, reserved 1048576K
}
Event: 4.320 GC heap after
{Heap after GC invocations=12 (full 0):
 garbage-first heap   total 275456K, used 132096K [0x0000000088400000, 0x0000000100000000)
  region size 1024K, 7 young (7168K), 7 survivors (7168K)
 Metaspace       used 13654K, capacity 14095K, committed 14464K, reserved 1062912K
  class space    used 1389K, capacity 1553K, committed 1664K, reserved 1048576K
}
Event: 4.422 GC heap before
{Heap before GC invocations=12 (full 0):
 garbage-first heap   total 275456K, used 182272K [0x0000000088400000, 0x0000000100000000)
  region size 1024K, 56 young (57344K), 7 survivors (7168K)
 Metaspace       used 13654K, capacity 14095K, committed 14464K, reserved 1062912K
  class space    used 1389K, capacity 1553K, committed 1664K, reserved 1048576K
}
Event: 4.493 GC heap after
{Heap after GC invocations=13 (full 0):
 garbage-first heap   total 275456K, used 150016K [0x0000000088400000, 0x0000000100000000)
  region size 1024K, 7 young (7168K), 7 survivors (7168K)
 Metaspace       used 13654K, capacity 14095K, committed 14464K, reserved 1062912K
  class space    used 1389K, capacity 1553K, committed 1664K, reserved 1048576K
}
Event: 4.642 GC heap before
{Heap before GC invocations=13 (full 0):
 garbage-first heap   total 275456K, used 196096K [0x0000000088400000, 0x0000000100000000)
  region size 1024K, 52 young (53248K), 7 survivors (7168K)
 Metaspace       used 13654K, capacity 14095K, committed 14464K, reserved 1062912K
  class space    used 1389K, capacity 1553K, committed 1664K, reserved 1048576K
}

Deoptimization events (7 events):
Event: 0.440 Thread 0x00007f2a1c012000 Uncommon trap: reason=unstable_if action=reinterpret pc=0x00007f2a0c7109f8 method=java.lang.String.hashCode()I @ 14 c2
Event: 2.285 Thread 0x00007f2a1c012000 Uncommon trap: reason=bimorphic_or_optimized_type_check action=maybe_recompile pc=0x00007f2a0c746a54 method=java.util.HashMap.getNode(ILjava/lang/Object;)Ljava/util/HashMap$Node; @ 126 c2
Event: 2.285 Thread 0x00007f2a1c012000 Uncommon trap: reason=unstable_if action=reinterpret pc=0x00007f2a0c746a1c method=java.util.HashMap.getNode(ILjava/lang/Object;)Ljava/util/HashMap$Node; @ 62 c2
Event: 2.441 Thread 0x00007f2a1c012000 Uncommon trap: reason=class_check action=maybe_recompile pc=0x00007f2a0c74ca44 method=java.util.HashMap.putVal(ILjava/lang/Object;Ljava/lang/Object;ZZ)Ljava/lang/Object; @ 203 c2
Event: 2.441 Thread 0x00007f2a1c012000 Uncommon trap: reason=class_check action=maybe_recompile pc=0x00007f2a0c74ca44 method=java.util.HashMap.putVal(ILjava/lang/Object;Ljava/lang/Object;ZZ)Ljava/lang/Object; @ 203 c2
Event: 2.669 Thread 0x00007f2a1c012000 Uncommon trap: reason=class_check action=maybe_recompile pc=0x00007f2a0c74ca44 method=java.util.HashMap.putVal(ILjava/lang/Object;Ljava/lang/Object;ZZ)Ljava/lang/Object; @ 203 c2
Event: 2.669 Thread 0x00007f2a1c012000 Uncommon trap: reason=class_check action=maybe_recompile pc=0x00007f2a0c74ca44 method=java.util.HashMap.putVal(ILjava/lang/Object;Ljava/lang/Object;ZZ)Ljava/lang/Object; @ 203 c2

Classes redefined (0 events):
No events

Internal exceptions (10 events):
Event: 2.412 Thread 0x00007f2a1c012000 Exception <a 'java/lang/NoSuchMethodError'{0x000000008ef77aa0}: java.lang.invoke.DirectMethodHandle$Holder.invokeSpecialIFC(Ljava/lang/Object;Ljava/lang/Object;Ljava/lang/Object;Ljava/lang/Object;)Ljava/lang/Object;> (0x000000008ef77aa0) thrown at [/scrat
Event: 2.443 Thread 0x00007f2a1c012000 Exception <a 'java/lang/NoSuchMethodError'{0x000000008efefd18}: java.lang.invoke.DirectMethodHandle$Holder.invokeVirtual(Ljava/lang/Object;Ljava/lang/Object;Ljava/lang/Object;)I> (0x000000008efefd18) thrown at [/scratch/opt/mach5/mesos/work_dir/slaves/83b
Event: 2.445 Thread 0x00007f2a1c012000 Exception <a 'java/lang/NoSuchMethodError'{0x000000008eff6290}: java.lang.invoke.DirectMethodHandle$Holder.invokeSpecial(Ljava/lang/Object;Ljava/lang/Object;Ljava/lang/Object;Ljava/lang/Object;)V> (0x000000008eff6290) thrown at [/scratch/opt/mach5/mesos/w
Event: 2.450 Thread 0x00007f2a1c012000 Exception <a 'java/lang/NoSuchMethodError'{0x000000008ee08518}: java.lang.invoke.DirectMethodHandle$Holder.invokeInterface(Ljava/lang/Object;Ljava/lang/Object;)V> (0x000000008ee08518) thrown at [/scratch/opt/mach5/mesos/work_dir/slaves/83bb4d84-382c-4ead-
Event: 2.451 Thread 0x00007f2a1c012000 Exception <a 'java/lang/IncompatibleClassChangeError'{0x000000008ee0b178}: Found class java.lang.Object, but interface was expected> (0x000000008ee0b178) thrown at [/scratch/opt/mach5/mesos/work_dir/slaves/83bb4d84-382c-4ead-b585-d8ef0018fefe-S6551/framew
Event: 2.513 Thread 0x00007f2a1c012000 Exception <a 'java/lang/IncompatibleClassChangeError'{0x000000008eef87c0}: Found class java.lang.Object, but interface was expected> (0x000000008eef87c0) thrown at [/scratch/opt/mach5/mesos/work_dir/slaves/83bb4d84-382c-4ead-b585-d8ef0018fefe-S6551/framew
Event: 2.727 Thread 0x00007f2a1c012000 Exception <a 'java/lang/NoSuchMethodError'{0x000000008f91adb0}: java.lang.invoke.DirectMethodHandle$Holder.invokeStatic(Ljava/lang/Object;Ljava/lang/Object;Ljava/lang/Object;Ljava/lang/Object;Ljava/lang/Object;)I> (0x000000008f91adb0) thrown at [/scratch/
Event: 2.942 Thread 0x00007f2a1c012000 Exception <a 'java/lang/NoSuchMethodError'{0x000000008f65df40}: java.lang.invoke.DirectMethodHandle$Holder.invokeStatic(Ljava/lang/Object;Ljava/lang/Object;Ljava/lang/Object;Ljava/lang/Object;Ljava/lang/Object;)V> (0x000000008f65df40) thrown at [/scratch/
Event: 3.085 Thread 0x00007f2a1c012000 Exception <a 'java/lang/ClassNotFoundException'{0x000000008f56b070}: sun/util/logging/resources/spi/loggingProvider> (0x000000008f56b070) thrown at [/scratch/opt/mach5/mesos/work_dir/slaves/83bb4d84-382c-4ead-b585-d8ef0018fefe-S6551/frameworks/1735e8a2-a1
Event: 3.157 Thread 0x00007f2a1c012000 Exception <a 'java/lang/NoSuchMethodError'{0x000000008f5f47e8}: java.lang.invoke.DirectMethodHandle$Holder.invokeSpecial(Ljava/lang/Object;Ljava/lang/Object;)V> (0x000000008f5f47e8) thrown at [/scratch/opt/mach5/mesos/work_dir/slaves/83bb4d84-382c-4ead-b5

Events (10 events):
Event: 3.964 Executing VM operation: CGC_Operation done
Event: 3.977 Executing VM operation: G1CollectForAllocation
Event: 4.006 Executing VM operation: G1CollectForAllocation done
Event: 4.113 Executing VM operation: G1CollectForAllocation
Event: 4.150 Executing VM operation: G1CollectForAllocation done
Event: 4.253 Executing VM operation: G1CollectForAllocation
Event: 4.320 Executing VM operation: G1CollectForAllocation done
Event: 4.422 Executing VM operation: G1CollectForAllocation
Event: 4.493 Executing VM operation: G1CollectForAllocation done
Event: 4.641 Executing VM operation: G1CollectForAllocation


Dynamic libraries:
00400000-00401000 r-xp 00000000 fd:00 1313350                            /usr/jdk-11.0.1/bin/java
00600000-00601000 r--p 00000000 fd:00 1313350                            /usr/jdk-11.0.1/bin/java
00601000-00602000 rw-p 00001000 fd:00 1313350                            /usr/jdk-11.0.1/bin/java
020c7000-020e8000 rw-p 00000000 00:00 0                                  [heap]
88400000-99100000 rw-p 00000000 00:00 0 
bab00000-100000000 ---p 00000000 00:00 0 
100000000-1001a0000 rw-p 00000000 00:00 0 
1001a0000-140000000 ---p 00000000 00:00 0 
7f299c000000-7f299c021000 rw-p 00000000 00:00 0 
7f299c021000-7f29a0000000 ---p 00000000 00:00 0 
7f29a4000000-7f29a4021000 rw-p 00000000 00:00 0 
7f29a4021000-7f29a8000000 ---p 00000000 00:00 0 
7f29a8000000-7f29a8021000 rw-p 00000000 00:00 0 
7f29a8021000-7f29ac000000 ---p 00000000 00:00 0 
7f29ac000000-7f29ac021000 rw-p 00000000 00:00 0 
7f29ac021000-7f29b0000000 ---p 00000000 00:00 0 
7f29b0000000-7f29b0021000 rw-p 00000000 00:00 0 
7f29b0021000-7f29b4000000 ---p 00000000 00:00 0 
7f29b4000000-7f29b4224000 rw-p 00000000 00:00 0 
7f29b4224000-7f29b8000000 ---p 00000000 00:00 0 
7f29bb29c000-7f29bb4f3000 rw-p 00000000 00:00 0 
7f29bb4f3000-7f29bb4f4000 ---p 00000000 00:00 0 
7f29bb4f4000-7f29bb5f5000 rw-p 00000000 00:00 0 
7f29bb5f5000-7f29bb5f6000 ---p 00000000 00:00 0 
7f29bb5f6000-7f29bb6f7000 rw-p 00000000 00:00 0 
7f29bb6f7000-7f29bb6f8000 ---p 00000000 00:00 0 
7f29bb6f8000-7f29bb879000 rw-p 00000000 00:00 0 
7f29bb879000-7f29bb9f9000 ---p 00000000 00:00 0 
7f29bb9f9000-7f29bb9fa000 ---p 00000000 00:00 0 
7f29bb9fa000-7f29bbafb000 rw-p 00000000 00:00 0 
7f29bbafb000-7f29bbafc000 ---p 00000000 00:00 0 
7f29bbafc000-7f29bbbfd000 rw-p 00000000 00:00 0 
7f29bbbfd000-7f29bbbfe000 ---p 00000000 00:00 0 
7f29bbbfe000-7f29bbeff000 rw-p 00000000 00:00 0 
7f29bbeff000-7f29bbf03000 ---p 00000000 00:00 0 
7f29bbf03000-7f29bc000000 rw-p 00000000 00:00 0 
7f29bc000000-7f29bc021000 rw-p 00000000 00:00 0 
7f29bc021000-7f29c0000000 ---p 00000000 00:00 0 
7f29c0000000-7f29c0021000 rw-p 00000000 00:00 0 
7f29c0021000-7f29c4000000 ---p 00000000 00:00 0 
7f29c4000000-7f29c4021000 rw-p 00000000 00:00 0 
7f29c4021000-7f29c8000000 ---p 00000000 00:00 0 
7f29c8000000-7f29c8021000 rw-p 00000000 00:00 0 
7f29c8021000-7f29cc000000 ---p 00000000 00:00 0 
7f29cc000000-7f29cc3e3000 rw-p 00000000 00:00 0 
7f29cc3e3000-7f29d0000000 ---p 00000000 00:00 0 
7f29d0000000-7f29d0021000 rw-p 00000000 00:00 0 
7f29d0021000-7f29d4000000 ---p 00000000 00:00 0 
7f29d4000000-7f29d4021000 rw-p 00000000 00:00 0 
7f29d4021000-7f29d8000000 ---p 00000000 00:00 0 
7f29d8000000-7f29d90b3000 rw-p 00000000 00:00 0 
7f29d90b3000-7f29dc000000 ---p 00000000 00:00 0 
7f29dc000000-7f29dc021000 rw-p 00000000 00:00 0 
7f29dc021000-7f29e0000000 ---p 00000000 00:00 0 
7f29e0000000-7f29e0021000 rw-p 00000000 00:00 0 
7f29e0021000-7f29e4000000 ---p 00000000 00:00 0 
7f29e4000000-7f29e4021000 rw-p 00000000 00:00 0 
7f29e4021000-7f29e8000000 ---p 00000000 00:00 0 
7f29e8000000-7f29e81de000 rw-p 00000000 00:00 0 
7f29e81de000-7f29ec000000 ---p 00000000 00:00 0 
7f29ec000000-7f29ec021000 rw-p 00000000 00:00 0 
7f29ec021000-7f29f0000000 ---p 00000000 00:00 0 
7f29f0000000-7f29f0021000 rw-p 00000000 00:00 0 
7f29f0021000-7f29f4000000 ---p 00000000 00:00 0 
7f29f4066000-7f29f4068000 r-xp 00000000 fd:00 1314695                    /usr/jdk-11.0.1/lib/libextnet.so
7f29f4068000-7f29f4267000 ---p 00002000 fd:00 1314695                    /usr/jdk-11.0.1/lib/libextnet.so
7f29f4267000-7f29f4268000 r--p 00001000 fd:00 1314695                    /usr/jdk-11.0.1/lib/libextnet.so
7f29f4268000-7f29f4269000 rw-p 00002000 fd:00 1314695                    /usr/jdk-11.0.1/lib/libextnet.so
7f29f4269000-7f29f4469000 rw-p 00000000 00:00 0 
7f29f4469000-7f29f446d000 ---p 00000000 00:00 0 
7f29f446d000-7f29f456a000 rw-p 00000000 00:00 0 
7f29f456a000-7f29f4580000 r-xp 00000000 fd:00 1314714                    /usr/jdk-11.0.1/lib/libnet.so
7f29f4580000-7f29f477f000 ---p 00016000 fd:00 1314714                    /usr/jdk-11.0.1/lib/libnet.so
7f29f477f000-7f29f4780000 r--p 00015000 fd:00 1314714                    /usr/jdk-11.0.1/lib/libnet.so
7f29f4780000-7f29f4781000 rw-p 00016000 fd:00 1314714                    /usr/jdk-11.0.1/lib/libnet.so
7f29f4781000-7f29f4791000 r-xp 00000000 fd:00 1314715                    /usr/jdk-11.0.1/lib/libnio.so
7f29f4791000-7f29f4990000 ---p 00010000 fd:00 1314715                    /usr/jdk-11.0.1/lib/libnio.so
7f29f4990000-7f29f4991000 r--p 0000f000 fd:00 1314715                    /usr/jdk-11.0.1/lib/libnio.so
7f29f4991000-7f29f4992000 rw-p 00010000 fd:00 1314715                    /usr/jdk-11.0.1/lib/libnio.so
7f29f4992000-7f29f4996000 ---p 00000000 00:00 0 
7f29f4996000-7f29f4a93000 rw-p 00000000 00:00 0 
7f29f4a93000-7f29f4a94000 ---p 00000000 00:00 0 
7f29f4a94000-7f29f4b95000 rw-p 00000000 00:00 0 
7f29f4b95000-7f29f4b99000 ---p 00000000 00:00 0 
7f29f4b99000-7f29f4c96000 rw-p 00000000 00:00 0 
7f29f4c96000-7f29f4c9a000 ---p 00000000 00:00 0 
7f29f4c9a000-7f29f4d97000 rw-p 00000000 00:00 0 
7f29f4d97000-7f29f4d9b000 ---p 00000000 00:00 0 
7f29f4d9b000-7f29f4e98000 rw-p 00000000 00:00 0 
7f29f4e98000-7f29f4e9c000 ---p 00000000 00:00 0 
7f29f4e9c000-7f29f4f99000 rw-p 00000000 00:00 0 
7f29f4f99000-7f29f4f9d000 ---p 00000000 00:00 0 
7f29f4f9d000-7f29f509a000 rw-p 00000000 00:00 0 
7f29f509a000-7f29f54fc000 r--p 00000000 fd:00 6160714                    /usr/lib/locale/locale-archive
7f29f54fc000-7f29f5500000 ---p 00000000 00:00 0 
7f29f5500000-7f29f55fd000 rw-p 00000000 00:00 0 
7f29f55fd000-7f29f5601000 ---p 00000000 00:00 0 
7f29f5601000-7f29f56fe000 rw-p 00000000 00:00 0 
7f29f56fe000-7f29f56ff000 ---p 00000000 00:00 0 
7f29f56ff000-7f29f8000000 rw-p 00000000 00:00 0 
7f29f8000000-7f29f8021000 rw-p 00000000 00:00 0 
7f29f8021000-7f29fc000000 ---p 00000000 00:00 0 
7f29fc09a000-7f29fc11b000 rw-p 00000000 00:00 0 
7f29fc11b000-7f29fc11c000 ---p 00000000 00:00 0 
7f29fc11c000-7f29fc21d000 rw-p 00000000 00:00 0 
7f29fc21d000-7f29fc21e000 ---p 00000000 00:00 0 
7f29fc21e000-7f29fc854000 rw-p 00000000 00:00 0 
7f29fc854000-7f29fe210000 ---p 00000000 00:00 0 
7f29fe210000-7f29fe644000 rw-p 00000000 00:00 0 
7f29fe644000-7f2a00000000 ---p 00000000 00:00 0 
7f2a00000000-7f2a00021000 rw-p 00000000 00:00 0 
7f2a00021000-7f2a04000000 ---p 00000000 00:00 0 
7f2a04069000-7f2a043c7000 rw-p 00000000 00:00 0 
7f2a043c7000-7f2a043c8000 ---p 00000000 00:00 0 
7f2a043c8000-7f2a04550000 rw-p 00000000 00:00 0 
7f2a04550000-7f2a04887000 ---p 00000000 00:00 0 
7f2a04887000-7f2a0490e000 rw-p 00000000 00:00 0 
7f2a0490e000-7f2a04c45000 ---p 00000000 00:00 0 
7f2a04c45000-7f2a04eb5000 rwxp 00000000 00:00 0 
7f2a04eb5000-7f2a051d5000 ---p 00000000 00:00 0 
7f2a051d5000-7f2a05445000 rwxp 00000000 00:00 0 
7f2a05445000-7f2a0c70d000 ---p 00000000 00:00 0 
7f2a0c70d000-7f2a0c97d000 rwxp 00000000 00:00 0 
7f2a0c97d000-7f2a13c45000 ---p 00000000 00:00 0 
7f2a13c45000-7f2a1c000000 r--s 00000000 fd:00 1314725                    /usr/jdk-11.0.1/lib/modules
7f2a1c000000-7f2a1c58e000 rw-p 00000000 00:00 0 
7f2a1c58e000-7f2a20000000 ---p 00000000 00:00 0 
7f2a2004e000-7f2a2004f000 ---p 00000000 00:00 0 
7f2a2004f000-7f2a201d7000 rw-p 00000000 00:00 0 
7f2a201d7000-7f2a2050e000 ---p 00000000 00:00 0 
7f2a2050e000-7f2a20912000 rw-p 00000000 00:00 0 
7f2a20912000-7f2a20913000 ---p 00000000 00:00 0 
7f2a20913000-7f2a20a19000 rw-p 00000000 00:00 0 
7f2a20a19000-7f2a20aff000 ---p 00000000 00:00 0 
7f2a20aff000-7f2a20b04000 rw-p 00000000 00:00 0 
7f2a20b04000-7f2a20bea000 ---p 00000000 00:00 0 
7f2a20bea000-7f2a20c05000 r-xp 00000000 fd:00 1314706                    /usr/jdk-11.0.1/lib/libjimage.so
7f2a20c05000-7f2a20e04000 ---p 0001b000 fd:00 1314706                    /usr/jdk-11.0.1/lib/libjimage.so
7f2a20e04000-7f2a20e06000 r--p 0001a000 fd:00 1314706                    /usr/jdk-11.0.1/lib/libjimage.so
7f2a20e06000-7f2a20e07000 rw-p 0001c000 fd:00 1314706                    /usr/jdk-11.0.1/lib/libjimage.so
7f2a20e07000-7f2a20e0e000 r-xp 00000000 fd:00 1314724                    /usr/jdk-11.0.1/lib/libzip.so
7f2a20e0e000-7f2a2100d000 ---p 00007000 fd:00 1314724                    /usr/jdk-11.0.1/lib/libzip.so
7f2a2100d000-7f2a2100e000 r--p 00006000 fd:00 1314724                    /usr/jdk-11.0.1/lib/libzip.so
7f2a2100e000-7f2a2100f000 rw-p 00007000 fd:00 1314724                    /usr/jdk-11.0.1/lib/libzip.so
7f2a2100f000-7f2a2101a000 r-xp 00000000 fd:00 15859967                   /lib/x86_64-linux-gnu/libnss_files-2.27.so
7f2a2101a000-7f2a21219000 ---p 0000b000 fd:00 15859967                   /lib/x86_64-linux-gnu/libnss_files-2.27.so
7f2a21219000-7f2a2121a000 r--p 0000a000 fd:00 15859967                   /lib/x86_64-linux-gnu/libnss_files-2.27.so
7f2a2121a000-7f2a2121b000 rw-p 0000b000 fd:00 15859967                   /lib/x86_64-linux-gnu/libnss_files-2.27.so
7f2a2121b000-7f2a21221000 rw-p 00000000 00:00 0 
7f2a21221000-7f2a21238000 r-xp 00000000 fd:00 15859964                   /lib/x86_64-linux-gnu/libnsl-2.27.so
7f2a21238000-7f2a21437000 ---p 00017000 fd:00 15859964                   /lib/x86_64-linux-gnu/libnsl-2.27.so
7f2a21437000-7f2a21438000 r--p 00016000 fd:00 15859964                   /lib/x86_64-linux-gnu/libnsl-2.27.so
7f2a21438000-7f2a21439000 rw-p 00017000 fd:00 15859964                   /lib/x86_64-linux-gnu/libnsl-2.27.so
7f2a21439000-7f2a2143b000 rw-p 00000000 00:00 0 
7f2a2143b000-7f2a21446000 r-xp 00000000 fd:00 15859969                   /lib/x86_64-linux-gnu/libnss_nis-2.27.so
7f2a21446000-7f2a21645000 ---p 0000b000 fd:00 15859969                   /lib/x86_64-linux-gnu/libnss_nis-2.27.so
7f2a21645000-7f2a21646000 r--p 0000a000 fd:00 15859969                   /lib/x86_64-linux-gnu/libnss_nis-2.27.so
7f2a21646000-7f2a21647000 rw-p 0000b000 fd:00 15859969                   /lib/x86_64-linux-gnu/libnss_nis-2.27.so
7f2a21647000-7f2a2164f000 r-xp 00000000 fd:00 15859965                   /lib/x86_64-linux-gnu/libnss_compat-2.27.so
7f2a2164f000-7f2a2184f000 ---p 00008000 fd:00 15859965                   /lib/x86_64-linux-gnu/libnss_compat-2.27.so
7f2a2184f000-7f2a21850000 r--p 00008000 fd:00 15859965                   /lib/x86_64-linux-gnu/libnss_compat-2.27.so
7f2a21850000-7f2a21851000 rw-p 00009000 fd:00 15859965                   /lib/x86_64-linux-gnu/libnss_compat-2.27.so
7f2a21851000-7f2a2187c000 r-xp 00000000 fd:00 1314702                    /usr/jdk-11.0.1/lib/libjava.so
7f2a2187c000-7f2a21a7b000 ---p 0002b000 fd:00 1314702                    /usr/jdk-11.0.1/lib/libjava.so
7f2a21a7b000-7f2a21a7c000 r--p 0002a000 fd:00 1314702                    /usr/jdk-11.0.1/lib/libjava.so
7f2a21a7c000-7f2a21a7e000 rw-p 0002b000 fd:00 1314702                    /usr/jdk-11.0.1/lib/libjava.so
7f2a21a7e000-7f2a21a8b000 r-xp 00000000 fd:00 1314723                    /usr/jdk-11.0.1/lib/libverify.so
7f2a21a8b000-7f2a21c8a000 ---p 0000d000 fd:00 1314723                    /usr/jdk-11.0.1/lib/libverify.so
7f2a21c8a000-7f2a21c8c000 r--p 0000c000 fd:00 1314723                    /usr/jdk-11.0.1/lib/libverify.so
7f2a21c8c000-7f2a21c8d000 rw-p 0000e000 fd:00 1314723                    /usr/jdk-11.0.1/lib/libverify.so
7f2a21c8d000-7f2a21c94000 r-xp 00000000 fd:00 15859974                   /lib/x86_64-linux-gnu/librt-2.27.so
7f2a21c94000-7f2a21e93000 ---p 00007000 fd:00 15859974                   /lib/x86_64-linux-gnu/librt-2.27.so
7f2a21e93000-7f2a21e94000 r--p 00006000 fd:00 15859974                   /lib/x86_64-linux-gnu/librt-2.27.so
7f2a21e94000-7f2a21e95000 rw-p 00007000 fd:00 15859974                   /lib/x86_64-linux-gnu/librt-2.27.so
7f2a21e95000-7f2a22032000 r-xp 00000000 fd:00 15859961                   /lib/x86_64-linux-gnu/libm-2.27.so
7f2a22032000-7f2a22231000 ---p 0019d000 fd:00 15859961                   /lib/x86_64-linux-gnu/libm-2.27.so
7f2a22231000-7f2a22232000 r--p 0019c000 fd:00 15859961                   /lib/x86_64-linux-gnu/libm-2.27.so
7f2a22232000-7f2a22233000 rw-p 0019d000 fd:00 15859961                   /lib/x86_64-linux-gnu/libm-2.27.so
7f2a22233000-7f2a233bb000 r-xp 00000000 fd:00 1314736                    /usr/jdk-11.0.1/lib/server/libjvm.so
7f2a233bb000-7f2a235bb000 ---p 01188000 fd:00 1314736                    /usr/jdk-11.0.1/lib/server/libjvm.so
7f2a235bb000-7f2a23685000 r--p 01188000 fd:00 1314736                    /usr/jdk-11.0.1/lib/server/libjvm.so
7f2a23685000-7f2a236bf000 rw-p 01252000 fd:00 1314736                    /usr/jdk-11.0.1/lib/server/libjvm.so
7f2a236bf000-7f2a23715000 rw-p 00000000 00:00 0 
7f2a23715000-7f2a238fc000 r-xp 00000000 fd:00 15859957                   /lib/x86_64-linux-gnu/libc-2.27.so
7f2a238fc000-7f2a23afc000 ---p 001e7000 fd:00 15859957                   /lib/x86_64-linux-gnu/libc-2.27.so
7f2a23afc000-7f2a23b00000 r--p 001e7000 fd:00 15859957                   /lib/x86_64-linux-gnu/libc-2.27.so
7f2a23b00000-7f2a23b02000 rw-p 001eb000 fd:00 15859957                   /lib/x86_64-linux-gnu/libc-2.27.so
7f2a23b02000-7f2a23b06000 rw-p 00000000 00:00 0 
7f2a23b06000-7f2a23b09000 r-xp 00000000 fd:00 15859960                   /lib/x86_64-linux-gnu/libdl-2.27.so
7f2a23b09000-7f2a23d08000 ---p 00003000 fd:00 15859960                   /lib/x86_64-linux-gnu/libdl-2.27.so
7f2a23d08000-7f2a23d09000 r--p 00002000 fd:00 15859960                   /lib/x86_64-linux-gnu/libdl-2.27.so
7f2a23d09000-7f2a23d0a000 rw-p 00003000 fd:00 15859960                   /lib/x86_64-linux-gnu/libdl-2.27.so
7f2a23d0a000-7f2a23d19000 r-xp 00000000 fd:00 1314687                    /usr/jdk-11.0.1/lib/jli/libjli.so
7f2a23d19000-7f2a23f19000 ---p 0000f000 fd:00 1314687                    /usr/jdk-11.0.1/lib/jli/libjli.so
7f2a23f19000-7f2a23f1a000 r--p 0000f000 fd:00 1314687                    /usr/jdk-11.0.1/lib/jli/libjli.so
7f2a23f1a000-7f2a23f1b000 rw-p 00010000 fd:00 1314687                    /usr/jdk-11.0.1/lib/jli/libjli.so
7f2a23f1b000-7f2a23f35000 r-xp 00000000 fd:00 15859972                   /lib/x86_64-linux-gnu/libpthread-2.27.so
7f2a23f35000-7f2a24134000 ---p 0001a000 fd:00 15859972                   /lib/x86_64-linux-gnu/libpthread-2.27.so
7f2a24134000-7f2a24135000 r--p 00019000 fd:00 15859972                   /lib/x86_64-linux-gnu/libpthread-2.27.so
7f2a24135000-7f2a24136000 rw-p 0001a000 fd:00 15859972                   /lib/x86_64-linux-gnu/libpthread-2.27.so
7f2a24136000-7f2a2413a000 rw-p 00000000 00:00 0 
7f2a2413a000-7f2a24156000 r-xp 00000000 fd:00 15860002                   /lib/x86_64-linux-gnu/libz.so.1.2.11
7f2a24156000-7f2a24355000 ---p 0001c000 fd:00 15860002                   /lib/x86_64-linux-gnu/libz.so.1.2.11
7f2a24355000-7f2a24356000 r--p 0001b000 fd:00 15860002                   /lib/x86_64-linux-gnu/libz.so.1.2.11
7f2a24356000-7f2a24357000 rw-p 0001c000 fd:00 15860002                   /lib/x86_64-linux-gnu/libz.so.1.2.11
7f2a24357000-7f2a2437e000 r-xp 00000000 fd:00 15859793                   /lib/x86_64-linux-gnu/ld-2.27.so
7f2a24386000-7f2a24461000 rw-p 00000000 00:00 0 
7f2a24461000-7f2a24465000 ---p 00000000 00:00 0 
7f2a24465000-7f2a24566000 rw-p 00000000 00:00 0 
7f2a24568000-7f2a2456d000 rw-p 00000000 00:00 0 
7f2a2456d000-7f2a24574000 ---p 00000000 00:00 0 
7f2a24574000-7f2a2457c000 rw-s 00000000 fd:00 22544841                   /tmp/hsperfdata_andy/23113
7f2a2457c000-7f2a2457d000 ---p 00000000 00:00 0 
7f2a2457d000-7f2a2457e000 r--p 00000000 00:00 0 
7f2a2457e000-7f2a2457f000 r--p 00027000 fd:00 15859793                   /lib/x86_64-linux-gnu/ld-2.27.so
7f2a2457f000-7f2a24580000 rw-p 00028000 fd:00 15859793                   /lib/x86_64-linux-gnu/ld-2.27.so
7f2a24580000-7f2a24581000 rw-p 00000000 00:00 0 
7ffee424b000-7ffee426c000 rw-p 00000000 00:00 0                          [stack]
7ffee4362000-7ffee4365000 r--p 00000000 00:00 0                          [vvar]
7ffee4365000-7ffee4367000 r-xp 00000000 00:00 0                          [vdso]
ffffffffff600000-ffffffffff601000 r-xp 00000000 00:00 0                  [vsyscall]


VM Arguments:
jvm_args: -ea -Dfile.encoding=UTF-8 
java_command: org.eclipse.jdt.internal.junit.runner.RemoteTestRunner -version 3 -port 40887 -testLoaderClass org.eclipse.jdt.internal.junit5.runner.JUnit5TestLoader -loaderpluginname org.eclipse.jdt.junit5.runtime -test com.andybaba.games.card.BaseHandTest:testRandomizeOnTime -uniqueId [engine:junit-jupiter]/[class:com.andybaba.games.card.BaseHandTest]/[method:testRandomizeOnTime()]
java_class_path (initial): /home/andy/eclipse-workspace/CardEngine/bin:/usr/eclipse/plugins/org.junit.jupiter.api_5.1.0.v20180327-1502.jar:/usr/eclipse/plugins/org.junit.jupiter.engine_5.1.0.v20180327-1502.jar:/usr/eclipse/plugins/org.junit.jupiter.migrationsupport_5.1.0.v20180327-1502.jar:/usr/eclipse/plugins/org.junit.jupiter.params_5.1.0.v20180327-1502.jar:/usr/eclipse/plugins/org.junit.platform.commons_1.1.0.v20180327-1502.jar:/usr/eclipse/plugins/org.junit.platform.engine_1.1.0.v20180327-1502.jar:/usr/eclipse/plugins/org.junit.platform.launcher_1.1.0.v20180327-1502.jar:/usr/eclipse/plugins/org.junit.platform.runner_1.1.0.v20180327-1502.jar:/usr/eclipse/plugins/org.junit.platform.suite.api_1.1.0.v20180327-1502.jar:/usr/eclipse/plugins/org.junit.vintage.engine_5.1.0.v20180327-1502.jar:/usr/eclipse/plugins/org.opentest4j_1.0.0.v20180327-1502.jar:/usr/eclipse/plugins/org.apiguardian_1.0.0.v20180327-1502.jar:/usr/eclipse/plugins/org.junit_4.12.0.v201504281640/junit.jar:/usr/eclipse/plugins/org.hamcrest.core_1.3.0.v20180420-1519.jar:/usr/eclipse/configuration/org.eclipse.osgi/413/0/.cp:/usr/eclipse/configuration/org.eclipse.osgi/411/0/.cp
Launcher Type: SUN_STANDARD

[Global flags]
     intx CICompilerCount                          = 3                                         {product} {ergonomic}
     uint ConcGCThreads                            = 1                                         {product} {ergonomic}
     uint G1ConcRefinementThreads                  = 4                                         {product} {ergonomic}
   size_t G1HeapRegionSize                         = 1048576                                   {product} {ergonomic}
    uintx GCDrainStackTargetSize                   = 64                                        {product} {ergonomic}
   size_t InitialHeapSize                          = 125829120                                 {product} {ergonomic}
   size_t MarkStackSize                            = 4194304                                   {product} {ergonomic}
   size_t MaxHeapSize                              = 2009071616                                {product} {ergonomic}
   size_t MaxNewSize                               = 1204813824                                {product} {ergonomic}
   size_t MinHeapDeltaBytes                        = 1048576                                   {product} {ergonomic}
    uintx NonNMethodCodeHeapSize                   = 5830092                                {pd product} {ergonomic}
    uintx NonProfiledCodeHeapSize                  = 122914074                              {pd product} {ergonomic}
    uintx ProfiledCodeHeapSize                     = 122914074                              {pd product} {ergonomic}
    uintx ReservedCodeCacheSize                    = 251658240                              {pd product} {ergonomic}
     bool SegmentedCodeCache                       = true                                      {product} {ergonomic}
     bool UseCompressedClassPointers               = true                                 {lp64_product} {ergonomic}
     bool UseCompressedOops                        = true                                 {lp64_product} {ergonomic}
     bool UseG1GC                                  = true                                      {product} {ergonomic}

Logging:
Log output configuration:
 #0: stdout all=warning uptime,level,tags
 #1: stderr all=off uptime,level,tags

Environment Variables:
JAVA_HOME=/usr/jdk-11.0.1/bin
JRE_HOME=/usr/jdk-11.0.1
PATH=/home/andy/bin:/home/andy/.local/bin:/usr/local/sbin:/usr/local/bin:/usr/sbin:/usr/bin:/sbin:/bin:/usr/games:/usr/local/games:/snap/bin:/usr/jdk-11.0.1/bin:/usr/jdk-11.0.1/bin
USERNAME=andy
SHELL=/bin/bash
DISPLAY=:0

Signal Handlers:
SIGSEGV: [libjvm.so+0xe5ac10], sa_mask[0]=11111111011111111101111111111110, sa_flags=SA_RESTART|SA_SIGINFO
SIGBUS: [libjvm.so+0xe5ac10], sa_mask[0]=11111111011111111101111111111110, sa_flags=SA_RESTART|SA_SIGINFO
SIGFPE: [libjvm.so+0xe5ac10], sa_mask[0]=11111111011111111101111111111110, sa_flags=SA_RESTART|SA_SIGINFO
SIGPIPE: [libjvm.so+0xc30d00], sa_mask[0]=11111111011111111101111111111110, sa_flags=SA_RESTART|SA_SIGINFO
SIGXFSZ: [libjvm.so+0xc30d00], sa_mask[0]=11111111011111111101111111111110, sa_flags=SA_RESTART|SA_SIGINFO
SIGILL: [libjvm.so+0xe5ac10], sa_mask[0]=11111111011111111101111111111110, sa_flags=SA_RESTART|SA_SIGINFO
SIGUSR2: [libjvm.so+0xc30ba0], sa_mask[0]=00100000000000000000000000000000, sa_flags=SA_RESTART|SA_SIGINFO
SIGHUP: [libjvm.so+0xc30f00], sa_mask[0]=11111111011111111101111111111110, sa_flags=SA_RESTART|SA_SIGINFO
SIGINT: [libjvm.so+0xc30f00], sa_mask[0]=11111111011111111101111111111110, sa_flags=SA_RESTART|SA_SIGINFO
SIGTERM: [libjvm.so+0xc30f00], sa_mask[0]=11111111011111111101111111111110, sa_flags=SA_RESTART|SA_SIGINFO
SIGQUIT: [libjvm.so+0xc30f00], sa_mask[0]=11111111011111111101111111111110, sa_flags=SA_RESTART|SA_SIGINFO


---------------  S Y S T E M  ---------------

OS:DISTRIB_ID=Ubuntu
DISTRIB_RELEASE=18.04
DISTRIB_CODENAME=bionic
DISTRIB_DESCRIPTION="Ubuntu 18.04.1 LTS"
uname:Linux 4.15.0-42-generic #45-Ubuntu SMP Thu Nov 15 19:32:57 UTC 2018 x86_64
libc:glibc 2.27 NPTL 2.27 
rlimit: STACK 8192k, CORE 0k, NPROC 30395, NOFILE 1048576, AS infinity, DATA infinity, FSIZE infinity
load average:3.22 1.51 0.96

/proc/meminfo:
MemTotal:        7843760 kB
MemFree:          129312 kB
MemAvailable:     386536 kB
Buffers:            1356 kB
Cached:           943868 kB
SwapCached:            0 kB
Active:          6608752 kB
Inactive:         722160 kB
Active(anon):    6387308 kB
Inactive(anon):   496924 kB
Active(file):     221444 kB
Inactive(file):   225236 kB
Unevictable:         112 kB
Mlocked:             112 kB
SwapTotal:             0 kB
SwapFree:              0 kB
Dirty:               184 kB
Writeback:             0 kB
AnonPages:       6385892 kB
Mapped:           605652 kB
Shmem:            498476 kB
Slab:             138540 kB
SReclaimable:      63636 kB
SUnreclaim:        74904 kB
KernelStack:       23472 kB
PageTables:       118620 kB
NFS_Unstable:          0 kB
Bounce:                0 kB
WritebackTmp:          0 kB
CommitLimit:     3921880 kB
Committed_AS:   19721416 kB
VmallocTotal:   34359738367 kB
VmallocUsed:           0 kB
VmallocChunk:          0 kB
HardwareCorrupted:     0 kB
AnonHugePages:         0 kB
ShmemHugePages:        0 kB
ShmemPmdMapped:        0 kB
CmaTotal:              0 kB
CmaFree:               0 kB
HugePages_Total:       0
HugePages_Free:        0
HugePages_Rsvd:        0
HugePages_Surp:        0
Hugepagesize:       2048 kB
DirectMap4k:      319060 kB
DirectMap2M:     7741440 kB


/proc/sys/kernel/threads-max (system-wide limit on the number of threads):
60790


/proc/sys/vm/max_map_count (maximum number of memory map areas a process may have):
65530


/proc/sys/kernel/pid_max (system-wide limit on number of process identifiers):
32768


container (cgroup) information:
container_type: cgroupv1
cpu_cpuset_cpus: 0-3
cpu_memory_nodes: 0
active_processor_count: 4
cpu_quota: -1
cpu_period: 100000
cpu_shares: -1
memory_limit_in_bytes: -1
memory_and_swap_limit_in_bytes: -2
memory_soft_limit_in_bytes: -1
memory_usage_in_bytes: 7507222528
memory_max_usage_in_bytes: 0


CPU:total 4 (initial active 4) (2 cores per cpu, 2 threads per core) family 6 model 58 stepping 9, cmov, cx8, fxsr, mmx, sse, sse2, sse3, ssse3, sse4.1, sse4.2, popcnt, avx, aes, clmul, erms, ht, tsc, tscinvbit, tscinv
CPU Model and flags from /proc/cpuinfo:
model name	: Intel(R) Core(TM) i7-3520M CPU @ 2.90GHz
flags		: fpu vme de pse tsc msr pae mce cx8 apic sep mtrr pge mca cmov pat pse36 clflush dts acpi mmx fxsr sse sse2 ss ht tm pbe syscall nx rdtscp lm constant_tsc arch_perfmon pebs bts rep_good nopl xtopology nonstop_tsc cpuid aperfmperf pni pclmulqdq dtes64 monitor ds_cpl vmx smx est tm2 ssse3 cx16 xtpr pdcm pcid sse4_1 sse4_2 x2apic popcnt tsc_deadline_timer aes xsave avx f16c rdrand lahf_lm cpuid_fault epb pti ssbd ibrs ibpb stibp tpr_shadow vnmi flexpriority ept vpid fsgsbase smep erms xsaveopt dtherm ida arat pln pts flush_l1d

Memory: 4k page, physical 7843760k(129312k free), swap 0k(0k free)

vm_info: Java HotSpot(TM) 64-Bit Server VM (11.0.1+13-LTS) for linux-amd64 JRE (11.0.1+13-LTS), built on Oct  6 2018 05:13:05 by "mach5one" with gcc 7.3.0

END.
